master 10972756
egf 10974984
all.S.85.-5.40.5.stn.0.Np.sr
all.P.85.-5.40.5.stn.0.Np.sr
egf 10974966
all.S.85.-5.40.5.stn.4.Np.sr
all.P.85.-5.40.5.stn.63.Np.sr
egf 10955349
all.S.85.-5.40.5.stn.2.Np.sr
all.P.85.-5.40.5.stn.8.Np.sr
egf 10952079
all.S.85.-5.40.5.stn.35.Np.sr
all.P.85.-5.40.5.stn.78.Np.sr
egf 10944714
all.S.85.-5.40.5.stn.8.Np.sr
all.P.85.-5.40.5.stn.200.Np.sr
egf 10937989
all.S.85.-5.40.5.stn.3.Np.sr
all.P.85.-5.40.5.stn.13.Np.sr
egf 10641454
all.S.85.-5.40.5.stn.23.Np.sr
all.P.85.-5.40.5.stn.302.Np.sr
egf 10452819
all.S.85.-5.40.5.stn.16.Np.sr
all.P.85.-5.40.5.stn.135.Np.sr
Error - curve_fit failed
egf 10049656
all.S.85.-5.40.5.stn.41.Np.sr
all.P.85.-5.40.5.stn.14.Np.sr
egf 10003813
all.S.85.-5.40.5.stn.36.Np.sr
all.P.85.-5.40.5.stn.211.Np.sr
egf 5167348
all.S.85.-5.40.5.stn.1.Np.sr
all.P.85.-5.40.5.stn.41.Np.sr
egf 5152978
all.S.85.-5.40.5.stn.20.Np.sr
all.P.85.-5.40.5.stn.181.Np.sr
egf 5109197
all.S.85.-5.40.5.stn.24.Np.sr
all.P.85.-5.40.5.stn.233.Np.sr
egf 5075423
all.S.85.-5.40.5.stn.6.Np.sr
all.P.85.-5.40.5.stn.33.Np.sr
egf 4819294
all.S.85.-5.40.5.stn.0.Np.sr
all.P.85.-5.40.5.stn.10.Np.sr
egf 4810015
all.S.85.-5.40.5.stn.1.Np.sr
all.P.85.-5.40.5.stn.10.Np.sr
egf 8741773
all.S.85.-5.40.5.stn.4.Np.sr
all.P.85.-5.40.5.stn.22.Np.sr
egf 3334228
all.S.85.-5.40.5.stn.21.Np.sr
all.P.85.-5.40.5.stn.133.Np.sr
egf 3324521
all.S.85.-5.40.5.stn.23.Np.sr
all.P.85.-5.40.5.stn.119.Np.sr
egf 3282428
all.S.85.-5.40.5.stn.1.Np.sr
all.P.85.-5.40.5.stn.41.Np.sr
egf 2873047
all.S.85.-5.40.5.stn.1.Np.sr
all.P.85.-5.40.5.stn.10.Np.sr
egf 2866206
all.S.85.-5.40.5.stn.4.Np.sr
all.P.85.-5.40.5.stn.15.Np.sr
egf 2865073
all.S.85.-5.40.5.stn.3.Np.sr
all.P.85.-5.40.5.stn.50.Np.sr
egf 2865034
all.S.85.-5.40.5.stn.4.Np.sr
all.P.85.-5.40.5.stn.59.Np.sr
egf 2862473
all.S.85.-5.40.5.stn.5.Np.sr
all.P.85.-5.40.5.stn.58.Np.sr
egf 2728435
all.S.85.-5.40.5.stn.35.Np.sr
all.P.85.-5.40.5.stn.138.Np.sr
egf 2368935
all.S.85.-5.40.5.stn.0.Np.sr
all.P.85.-5.40.5.stn.23.Np.sr
egf 2336312
all.S.85.-5.40.5.stn.0.Np.sr
all.P.85.-5.40.5.stn.13.Np.sr
egf 2372840
all.S.85.-5.40.5.stn.7.Np.sr
all.P.85.-5.40.5.stn.82.Np.sr
egf 2211042
all.S.85.-5.40.5.stn.0.Np.sr
all.P.85.-5.40.5.stn.18.Np.sr
egf 2210432
all.S.85.-5.40.5.stn.15.Np.sr
all.P.85.-5.40.5.stn.83.Np.sr
egf 2308234
all.S.85.-5.40.5.stn.2.Np.sr
all.P.85.-5.40.5.stn.19.Np.sr
egf 2188298
all.S.85.-5.40.5.stn.0.Np.sr
all.P.85.-5.40.5.stn.7.Np.sr
egf 2043373
all.S.85.-5.40.5.stn.0.Np.sr
all.P.85.-5.40.5.stn.9.Np.sr
egf 1880712
all.S.85.-5.40.5.stn.1.Np.sr
all.P.85.-5.40.5.stn.15.Np.sr
egf 1822889
all.S.85.-5.40.5.stn.1.Np.sr
all.P.85.-5.40.5.stn.2.Np.sr
egf 1828292
all.S.85.-5.40.5.stn.1.Np.sr
all.P.85.-5.40.5.stn.61.Np.sr
egf 1691670
all.S.85.-5.40.5.stn.0.Np.sr
all.P.85.-5.40.5.stn.3.Np.sr
egf 1660728
all.S.85.-5.40.5.stn.3.Np.sr
all.P.85.-5.40.5.stn.62.Np.sr
egf 1648780
all.S.85.-5.40.5.stn.1.Np.sr
all.P.85.-5.40.5.stn.8.Np.sr
egf 1547900
all.S.85.-5.40.5.stn.3.Np.sr
all.P.85.-5.40.5.stn.53.Np.sr
egf 1449568
all.S.85.-5.40.5.stn.0.Np.sr
all.P.85.-5.40.5.stn.0.Np.sr
egf 1401732
all.S.85.-5.40.5.stn.1.Np.sr
all.P.85.-5.40.5.stn.4.Np.sr
egf 1437461
all.S.85.-5.40.5.stn.0.Np.sr
all.P.85.-5.40.5.stn.2.Np.sr
egf 1410908
all.S.85.-5.40.5.stn.0.Np.sr
all.P.85.-5.40.5.stn.8.Np.sr
egf 1327033
all.S.85.-5.40.5.stn.3.Np.sr
all.P.85.-5.40.5.stn.52.Np.sr
egf 1296178
all.S.85.-5.40.5.stn.3.Np.sr
all.P.85.-5.40.5.stn.34.Np.sr
egf 1197588
all.S.85.-5.40.5.stn.0.Np.sr
all.P.85.-5.40.5.stn.2.Np.sr
egf 1149145
all.S.85.-5.40.5.stn.16.Np.sr
all.P.85.-5.40.5.stn.31.Np.sr
egf 1179413
all.S.85.-5.40.5.stn.0.Np.sr
all.P.85.-5.40.5.stn.28.Np.sr
egf 932438
all.S.85.-5.40.5.stn.0.Np.sr
all.P.85.-5.40.5.stn.25.Np.sr
egf 1150182
all.S.85.-5.40.5.stn.0.Np.sr
all.P.85.-5.40.5.stn.8.Np.sr
egf 872126
all.S.85.-5.40.5.stn.0.Np.sr
all.P.85.-5.40.5.stn.15.Np.sr
egf 872072
all.S.85.-5.40.5.stn.0.Np.sr
all.P.85.-5.40.5.stn.0.Np.sr
egf 971416
all.S.85.-5.40.5.stn.0.Np.sr
all.P.85.-5.40.5.stn.3.Np.sr
egf 907306
all.S.85.-5.40.5.stn.4.Np.sr
all.P.85.-5.40.5.stn.16.Np.sr
egf 874872
all.S.85.-5.40.5.stn.0.Np.sr
all.P.85.-5.40.5.stn.1.Np.sr
master 10958985
egf 10606101
all.S.85.-5.40.5.stn.34.Np.sr
all.P.85.-5.40.5.stn.191.Np.sr
egf 3318208
all.S.85.-5.40.5.stn.5.Np.sr
all.P.85.-5.40.5.stn.118.Np.sr
egf 975946
all.S.85.-5.40.5.stn.3.Np.sr
all.P.85.-5.40.5.stn.29.Np.sr
master 10953779
egf 10974984
all.S.85.-5.40.5.stn.0.Np.sr
all.P.85.-5.40.5.stn.0.Np.sr
egf 10974966
all.S.85.-5.40.5.stn.3.Np.sr
all.P.85.-5.40.5.stn.61.Np.sr
egf 10955349
all.S.85.-5.40.5.stn.3.Np.sr
all.P.85.-5.40.5.stn.9.Np.sr
egf 10952079
all.S.85.-5.40.5.stn.38.Np.sr
all.P.85.-5.40.5.stn.83.Np.sr
egf 10944714
all.S.85.-5.40.5.stn.7.Np.sr
all.P.85.-5.40.5.stn.199.Np.sr
egf 10941184
all.S.85.-5.40.5.stn.18.Np.sr
all.P.85.-5.40.5.stn.144.Np.sr
egf 10937989
all.S.85.-5.40.5.stn.3.Np.sr
all.P.85.-5.40.5.stn.12.Np.sr
egf 10767119
all.S.85.-5.40.5.stn.44.Np.sr
all.P.85.-5.40.5.stn.152.Np.sr
egf 10724451
all.S.85.-5.40.5.stn.46.Np.sr
all.P.85.-5.40.5.stn.116.Np.sr
egf 10641454
all.S.85.-5.40.5.stn.20.Np.sr
all.P.85.-5.40.5.stn.302.Np.sr
egf 10486346
all.S.85.-5.40.5.stn.5.Np.sr
all.P.85.-5.40.5.stn.13.Np.sr
egf 10452819
all.S.85.-5.40.5.stn.19.Np.sr
all.P.85.-5.40.5.stn.133.Np.sr
egf 10452239
all.S.85.-5.40.5.stn.5.Np.sr
all.P.85.-5.40.5.stn.111.Np.sr
egf 10087356
all.S.85.-5.40.5.stn.69.Np.sr
all.P.85.-5.40.5.stn.173.Np.sr
egf 10049656
all.S.85.-5.40.5.stn.47.Np.sr
all.P.85.-5.40.5.stn.13.Np.sr
egf 10003813
all.S.85.-5.40.5.stn.39.Np.sr
all.P.85.-5.40.5.stn.211.Np.sr
egf 5167348
all.S.85.-5.40.5.stn.4.Np.sr
all.P.85.-5.40.5.stn.39.Np.sr
egf 5152978
all.S.85.-5.40.5.stn.21.Np.sr
all.P.85.-5.40.5.stn.177.Np.sr
egf 5109197
all.S.85.-5.40.5.stn.22.Np.sr
all.P.85.-5.40.5.stn.233.Np.sr
egf 5075423
all.S.85.-5.40.5.stn.5.Np.sr
all.P.85.-5.40.5.stn.30.Np.sr
egf 4810015
all.S.85.-5.40.5.stn.1.Np.sr
all.P.85.-5.40.5.stn.7.Np.sr
egf 8741773
all.S.85.-5.40.5.stn.5.Np.sr
all.P.85.-5.40.5.stn.19.Np.sr
egf 3334228
all.S.85.-5.40.5.stn.22.Np.sr
all.P.85.-5.40.5.stn.130.Np.sr
egf 3282428
all.S.85.-5.40.5.stn.2.Np.sr
all.P.85.-5.40.5.stn.41.Np.sr
egf 2874365
all.S.85.-5.40.5.stn.17.Np.sr
all.P.85.-5.40.5.stn.9.Np.sr
egf 2866206
all.S.85.-5.40.5.stn.6.Np.sr
all.P.85.-5.40.5.stn.17.Np.sr
egf 2865073
all.S.85.-5.40.5.stn.4.Np.sr
all.P.85.-5.40.5.stn.50.Np.sr
egf 2865034
all.S.85.-5.40.5.stn.4.Np.sr
all.P.85.-5.40.5.stn.60.Np.sr
egf 2862473
all.S.85.-5.40.5.stn.9.Np.sr
all.P.85.-5.40.5.stn.57.Np.sr
egf 2476415
all.S.85.-5.40.5.stn.1.Np.sr
all.P.85.-5.40.5.stn.42.Np.sr
egf 2368935
all.S.85.-5.40.5.stn.0.Np.sr
all.P.85.-5.40.5.stn.23.Np.sr
egf 2321782
all.S.85.-5.40.5.stn.0.Np.sr
all.P.85.-5.40.5.stn.22.Np.sr
egf 2336312
all.S.85.-5.40.5.stn.1.Np.sr
all.P.85.-5.40.5.stn.13.Np.sr
egf 2372840
all.S.85.-5.40.5.stn.9.Np.sr
all.P.85.-5.40.5.stn.78.Np.sr
egf 2211042
all.S.85.-5.40.5.stn.1.Np.sr
all.P.85.-5.40.5.stn.18.Np.sr
egf 2188298
all.S.85.-5.40.5.stn.1.Np.sr
all.P.85.-5.40.5.stn.7.Np.sr
egf 2043373
all.S.85.-5.40.5.stn.1.Np.sr
all.P.85.-5.40.5.stn.9.Np.sr
egf 1880712
all.S.85.-5.40.5.stn.4.Np.sr
all.P.85.-5.40.5.stn.16.Np.sr
egf 1828292
all.S.85.-5.40.5.stn.1.Np.sr
all.P.85.-5.40.5.stn.59.Np.sr
egf 1660728
all.S.85.-5.40.5.stn.3.Np.sr
all.P.85.-5.40.5.stn.62.Np.sr
egf 1648780
all.S.85.-5.40.5.stn.1.Np.sr
all.P.85.-5.40.5.stn.8.Np.sr
egf 1547900
all.S.85.-5.40.5.stn.1.Np.sr
all.P.85.-5.40.5.stn.53.Np.sr
egf 1453387
all.S.85.-5.40.5.stn.0.Np.sr
all.P.85.-5.40.5.stn.21.Np.sr
egf 1401732
all.S.85.-5.40.5.stn.1.Np.sr
all.P.85.-5.40.5.stn.5.Np.sr
egf 1437461
all.S.85.-5.40.5.stn.0.Np.sr
all.P.85.-5.40.5.stn.2.Np.sr
egf 1410908
all.S.85.-5.40.5.stn.1.Np.sr
all.P.85.-5.40.5.stn.8.Np.sr
egf 1327033
all.S.85.-5.40.5.stn.2.Np.sr
all.P.85.-5.40.5.stn.51.Np.sr
egf 1296178
all.S.85.-5.40.5.stn.2.Np.sr
all.P.85.-5.40.5.stn.32.Np.sr
egf 1179413
all.S.85.-5.40.5.stn.0.Np.sr
all.P.85.-5.40.5.stn.30.Np.sr
egf 872126
all.S.85.-5.40.5.stn.0.Np.sr
all.P.85.-5.40.5.stn.15.Np.sr
egf 872072
all.S.85.-5.40.5.stn.0.Np.sr
all.P.85.-5.40.5.stn.0.Np.sr
egf 874872
all.S.85.-5.40.5.stn.0.Np.sr
all.P.85.-5.40.5.stn.2.Np.sr
master 10948555
egf 10600157
all.S.85.-5.40.5.stn.16.Np.sr
all.P.85.-5.40.5.stn.55.Np.sr
egf 5197662
all.S.85.-5.40.5.stn.11.Np.sr
all.P.85.-5.40.5.stn.46.Np.sr
egf 9918052
all.S.85.-5.40.5.stn.6.Np.sr
all.P.85.-5.40.5.stn.38.Np.sr
egf 2256264
all.S.85.-5.40.5.stn.1.Np.sr
all.P.85.-5.40.5.stn.3.Np.sr
Error - curve_fit failed
master 10944928
egf 10974984
all.S.85.-5.40.5.stn.0.Np.sr
all.P.85.-5.40.5.stn.0.Np.sr
egf 10974966
all.S.85.-5.40.5.stn.3.Np.sr
all.P.85.-5.40.5.stn.62.Np.sr
egf 10972756
all.S.85.-5.40.5.stn.293.Np.sr
all.P.85.-5.40.5.stn.429.Np.sr
egf 10955349
all.S.85.-5.40.5.stn.2.Np.sr
all.P.85.-5.40.5.stn.9.Np.sr
egf 10953779
all.S.85.-5.40.5.stn.254.Np.sr
all.P.85.-5.40.5.stn.423.Np.sr
egf 10952079
all.S.85.-5.40.5.stn.34.Np.sr
all.P.85.-5.40.5.stn.80.Np.sr
Error - curve_fit failed
egf 10950337
all.S.85.-5.40.5.stn.95.Np.sr
all.P.85.-5.40.5.stn.149.Np.sr
egf 10944714
all.S.85.-5.40.5.stn.7.Np.sr
all.P.85.-5.40.5.stn.176.Np.sr
egf 10941184
all.S.85.-5.40.5.stn.14.Np.sr
all.P.85.-5.40.5.stn.121.Np.sr
egf 10937989
all.S.85.-5.40.5.stn.2.Np.sr
all.P.85.-5.40.5.stn.10.Np.sr
egf 10767119
all.S.85.-5.40.5.stn.34.Np.sr
all.P.85.-5.40.5.stn.147.Np.sr
egf 10642106
all.S.85.-5.40.5.stn.2.Np.sr
all.P.85.-5.40.5.stn.8.Np.sr
egf 10641454
all.S.85.-5.40.5.stn.21.Np.sr
all.P.85.-5.40.5.stn.251.Np.sr
egf 10608532
all.S.85.-5.40.5.stn.2.Np.sr
all.P.85.-5.40.5.stn.43.Np.sr
egf 10605462
all.S.85.-5.40.5.stn.16.Np.sr
all.P.85.-5.40.5.stn.52.Np.sr
egf 10486346
all.S.85.-5.40.5.stn.3.Np.sr
all.P.85.-5.40.5.stn.13.Np.sr
egf 10452819
all.S.85.-5.40.5.stn.13.Np.sr
all.P.85.-5.40.5.stn.129.Np.sr
egf 10394345
all.S.85.-5.40.5.stn.251.Np.sr
all.P.85.-5.40.5.stn.380.Np.sr
egf 10087356
all.S.85.-5.40.5.stn.56.Np.sr
all.P.85.-5.40.5.stn.143.Np.sr
egf 10049656
all.S.85.-5.40.5.stn.27.Np.sr
all.P.85.-5.40.5.stn.14.Np.sr
egf 10003813
all.S.85.-5.40.5.stn.36.Np.sr
all.P.85.-5.40.5.stn.189.Np.sr
egf 9376197
all.S.85.-5.40.5.stn.175.Np.sr
all.P.85.-5.40.5.stn.257.Np.sr
egf 5167348
all.S.85.-5.40.5.stn.2.Np.sr
all.P.85.-5.40.5.stn.40.Np.sr
egf 5152978
all.S.85.-5.40.5.stn.17.Np.sr
all.P.85.-5.40.5.stn.150.Np.sr
egf 5149577
all.S.85.-5.40.5.stn.46.Np.sr
all.P.85.-5.40.5.stn.181.Np.sr
egf 5109197
all.S.85.-5.40.5.stn.24.Np.sr
all.P.85.-5.40.5.stn.207.Np.sr
egf 5075423
all.S.85.-5.40.5.stn.6.Np.sr
all.P.85.-5.40.5.stn.29.Np.sr
egf 4819551
all.S.85.-5.40.5.stn.22.Np.sr
all.P.85.-5.40.5.stn.152.Np.sr
egf 4819294
all.S.85.-5.40.5.stn.0.Np.sr
all.P.85.-5.40.5.stn.9.Np.sr
egf 4810015
all.S.85.-5.40.5.stn.0.Np.sr
all.P.85.-5.40.5.stn.8.Np.sr
egf 4725571
all.S.85.-5.40.5.stn.174.Np.sr
all.P.85.-5.40.5.stn.256.Np.sr
egf 8350539
all.S.85.-5.40.5.stn.22.Np.sr
all.P.85.-5.40.5.stn.114.Np.sr
egf 4370315
all.S.85.-5.40.5.stn.5.Np.sr
all.P.85.-5.40.5.stn.28.Np.sr
egf 9193194
all.S.85.-5.40.5.stn.3.Np.sr
all.P.85.-5.40.5.stn.87.Np.sr
egf 8741773
all.S.85.-5.40.5.stn.4.Np.sr
all.P.85.-5.40.5.stn.18.Np.sr
egf 3334228
all.S.85.-5.40.5.stn.22.Np.sr
all.P.85.-5.40.5.stn.124.Np.sr
egf 3324521
all.S.85.-5.40.5.stn.22.Np.sr
all.P.85.-5.40.5.stn.119.Np.sr
Error - curve_fit failed
egf 3318415
all.S.85.-5.40.5.stn.49.Np.sr
all.P.85.-5.40.5.stn.124.Np.sr
egf 3286124
all.S.85.-5.40.5.stn.3.Np.sr
all.P.85.-5.40.5.stn.12.Np.sr
egf 3282428
all.S.85.-5.40.5.stn.2.Np.sr
all.P.85.-5.40.5.stn.41.Np.sr
egf 3282255
all.S.85.-5.40.5.stn.52.Np.sr
all.P.85.-5.40.5.stn.137.Np.sr
egf 2878496
all.S.85.-5.40.5.stn.56.Np.sr
all.P.85.-5.40.5.stn.93.Np.sr
egf 2841270
all.S.85.-5.40.5.stn.47.Np.sr
all.P.85.-5.40.5.stn.161.Np.sr
egf 2840820
all.S.85.-5.40.5.stn.126.Np.sr
all.P.85.-5.40.5.stn.203.Np.sr
egf 2873047
all.S.85.-5.40.5.stn.1.Np.sr
all.P.85.-5.40.5.stn.11.Np.sr
egf 2872982
all.S.85.-5.40.5.stn.0.Np.sr
all.P.85.-5.40.5.stn.32.Np.sr
egf 2866693
all.S.85.-5.40.5.stn.5.Np.sr
all.P.85.-5.40.5.stn.58.Np.sr
egf 2866206
all.S.85.-5.40.5.stn.4.Np.sr
all.P.85.-5.40.5.stn.18.Np.sr
egf 2865073
all.S.85.-5.40.5.stn.4.Np.sr
all.P.85.-5.40.5.stn.50.Np.sr
egf 2865034
all.S.85.-5.40.5.stn.6.Np.sr
all.P.85.-5.40.5.stn.60.Np.sr
egf 2864942
all.S.85.-5.40.5.stn.0.Np.sr
all.P.85.-5.40.5.stn.20.Np.sr
egf 2864167
all.S.85.-5.40.5.stn.1.Np.sr
all.P.85.-5.40.5.stn.7.Np.sr
egf 2862473
all.S.85.-5.40.5.stn.8.Np.sr
all.P.85.-5.40.5.stn.59.Np.sr
egf 2725850
all.S.85.-5.40.5.stn.25.Np.sr
all.P.85.-5.40.5.stn.116.Np.sr
egf 2728435
all.S.85.-5.40.5.stn.37.Np.sr
all.P.85.-5.40.5.stn.132.Np.sr
egf 2717220
all.S.85.-5.40.5.stn.0.Np.sr
all.P.85.-5.40.5.stn.2.Np.sr
egf 2452006
all.S.85.-5.40.5.stn.2.Np.sr
all.P.85.-5.40.5.stn.67.Np.sr
egf 2426242
all.S.85.-5.40.5.stn.1.Np.sr
all.P.85.-5.40.5.stn.8.Np.sr
egf 2425804
all.S.85.-5.40.5.stn.10.Np.sr
all.P.85.-5.40.5.stn.32.Np.sr
egf 2425674
all.S.85.-5.40.5.stn.37.Np.sr
all.P.85.-5.40.5.stn.114.Np.sr
egf 2476415
all.S.85.-5.40.5.stn.2.Np.sr
all.P.85.-5.40.5.stn.43.Np.sr
egf 2534944
all.S.85.-5.40.5.stn.1.Np.sr
all.P.85.-5.40.5.stn.2.Np.sr
egf 2368935
all.S.85.-5.40.5.stn.0.Np.sr
all.P.85.-5.40.5.stn.23.Np.sr
egf 2321782
all.S.85.-5.40.5.stn.0.Np.sr
all.P.85.-5.40.5.stn.22.Np.sr
egf 2336312
all.S.85.-5.40.5.stn.1.Np.sr
all.P.85.-5.40.5.stn.13.Np.sr
egf 2372840
all.S.85.-5.40.5.stn.9.Np.sr
all.P.85.-5.40.5.stn.79.Np.sr
egf 2355119
all.S.85.-5.40.5.stn.5.Np.sr
all.P.85.-5.40.5.stn.14.Np.sr
Error - curve_fit failed
egf 2346469
all.S.85.-5.40.5.stn.0.Np.sr
all.P.85.-5.40.5.stn.0.Np.sr
egf 2292909
all.S.85.-5.40.5.stn.6.Np.sr
all.P.85.-5.40.5.stn.36.Np.sr
egf 2216989
all.S.85.-5.40.5.stn.2.Np.sr
all.P.85.-5.40.5.stn.16.Np.sr
egf 2211042
all.S.85.-5.40.5.stn.1.Np.sr
all.P.85.-5.40.5.stn.19.Np.sr
egf 2210432
all.S.85.-5.40.5.stn.16.Np.sr
all.P.85.-5.40.5.stn.83.Np.sr
egf 2308234
all.S.85.-5.40.5.stn.3.Np.sr
all.P.85.-5.40.5.stn.17.Np.sr
egf 2188298
all.S.85.-5.40.5.stn.1.Np.sr
all.P.85.-5.40.5.stn.8.Np.sr
egf 2276285
all.S.85.-5.40.5.stn.39.Np.sr
all.P.85.-5.40.5.stn.103.Np.sr
egf 2186707
all.S.85.-5.40.5.stn.66.Np.sr
all.P.85.-5.40.5.stn.127.Np.sr
egf 2188466
all.S.85.-5.40.5.stn.71.Np.sr
all.P.85.-5.40.5.stn.124.Np.sr
egf 2019856
all.S.85.-5.40.5.stn.0.Np.sr
all.P.85.-5.40.5.stn.9.Np.sr
egf 2043373
all.S.85.-5.40.5.stn.1.Np.sr
all.P.85.-5.40.5.stn.10.Np.sr
egf 1907367
all.S.85.-5.40.5.stn.3.Np.sr
all.P.85.-5.40.5.stn.11.Np.sr
egf 1880712
all.S.85.-5.40.5.stn.3.Np.sr
all.P.85.-5.40.5.stn.17.Np.sr
egf 1857221
all.S.85.-5.40.5.stn.58.Np.sr
all.P.85.-5.40.5.stn.88.Np.sr
egf 1822889
all.S.85.-5.40.5.stn.1.Np.sr
all.P.85.-5.40.5.stn.3.Np.sr
egf 1833055
all.S.85.-5.40.5.stn.68.Np.sr
all.P.85.-5.40.5.stn.103.Np.sr
egf 1828292
all.S.85.-5.40.5.stn.1.Np.sr
all.P.85.-5.40.5.stn.59.Np.sr
egf 1711457
all.S.85.-5.40.5.stn.1.Np.sr
all.P.85.-5.40.5.stn.1.Np.sr
egf 1705277
all.S.85.-5.40.5.stn.1.Np.sr
all.P.85.-5.40.5.stn.2.Np.sr
egf 1719192
all.S.85.-5.40.5.stn.3.Np.sr
all.P.85.-5.40.5.stn.23.Np.sr
egf 1691670
all.S.85.-5.40.5.stn.0.Np.sr
all.P.85.-5.40.5.stn.3.Np.sr
egf 1688838
all.S.85.-5.40.5.stn.0.Np.sr
all.P.85.-5.40.5.stn.1.Np.sr
egf 1660728
all.S.85.-5.40.5.stn.3.Np.sr
all.P.85.-5.40.5.stn.58.Np.sr
egf 1648780
all.S.85.-5.40.5.stn.1.Np.sr
all.P.85.-5.40.5.stn.8.Np.sr
egf 1547900
all.S.85.-5.40.5.stn.3.Np.sr
all.P.85.-5.40.5.stn.53.Np.sr
egf 1494457
all.S.85.-5.40.5.stn.0.Np.sr
all.P.85.-5.40.5.stn.1.Np.sr
egf 1453387
all.S.85.-5.40.5.stn.0.Np.sr
all.P.85.-5.40.5.stn.21.Np.sr
egf 1449568
all.S.85.-5.40.5.stn.0.Np.sr
all.P.85.-5.40.5.stn.0.Np.sr
egf 1401732
all.S.85.-5.40.5.stn.1.Np.sr
all.P.85.-5.40.5.stn.5.Np.sr
egf 1437461
all.S.85.-5.40.5.stn.0.Np.sr
all.P.85.-5.40.5.stn.2.Np.sr
egf 1439449
all.S.85.-5.40.5.stn.9.Np.sr
all.P.85.-5.40.5.stn.50.Np.sr
egf 1404671
all.S.85.-5.40.5.stn.17.Np.sr
all.P.85.-5.40.5.stn.56.Np.sr
egf 1410908
all.S.85.-5.40.5.stn.1.Np.sr
all.P.85.-5.40.5.stn.7.Np.sr
egf 1327033
all.S.85.-5.40.5.stn.3.Np.sr
all.P.85.-5.40.5.stn.51.Np.sr
egf 1296178
all.S.85.-5.40.5.stn.3.Np.sr
all.P.85.-5.40.5.stn.33.Np.sr
egf 1251900
all.S.85.-5.40.5.stn.0.Np.sr
all.P.85.-5.40.5.stn.1.Np.sr
egf 1240451
all.S.85.-5.40.5.stn.2.Np.sr
all.P.85.-5.40.5.stn.20.Np.sr
egf 1197588
all.S.85.-5.40.5.stn.0.Np.sr
all.P.85.-5.40.5.stn.2.Np.sr
egf 1149145
all.S.85.-5.40.5.stn.15.Np.sr
all.P.85.-5.40.5.stn.33.Np.sr
egf 1235408
all.S.85.-5.40.5.stn.1.Np.sr
all.P.85.-5.40.5.stn.8.Np.sr
egf 1097023
all.S.85.-5.40.5.stn.29.Np.sr
all.P.85.-5.40.5.stn.47.Np.sr
egf 1179413
all.S.85.-5.40.5.stn.0.Np.sr
all.P.85.-5.40.5.stn.30.Np.sr
egf 934352
all.S.85.-5.40.5.stn.7.Np.sr
all.P.85.-5.40.5.stn.51.Np.sr
egf 932438
all.S.85.-5.40.5.stn.0.Np.sr
all.P.85.-5.40.5.stn.27.Np.sr
egf 1150182
all.S.85.-5.40.5.stn.0.Np.sr
all.P.85.-5.40.5.stn.8.Np.sr
egf 883990
all.S.85.-5.40.5.stn.6.Np.sr
all.P.85.-5.40.5.stn.36.Np.sr
egf 872126
all.S.85.-5.40.5.stn.0.Np.sr
all.P.85.-5.40.5.stn.15.Np.sr
egf 872072
all.S.85.-5.40.5.stn.0.Np.sr
all.P.85.-5.40.5.stn.0.Np.sr
egf 870490
all.S.85.-5.40.5.stn.0.Np.sr
all.P.85.-5.40.5.stn.2.Np.sr
egf 870436
all.S.85.-5.40.5.stn.0.Np.sr
all.P.85.-5.40.5.stn.2.Np.sr
egf 971416
all.S.85.-5.40.5.stn.0.Np.sr
all.P.85.-5.40.5.stn.3.Np.sr
egf 907306
all.S.85.-5.40.5.stn.5.Np.sr
all.P.85.-5.40.5.stn.19.Np.sr
egf 874872
all.S.85.-5.40.5.stn.0.Np.sr
all.P.85.-5.40.5.stn.2.Np.sr
master 10939656
egf 9946953
all.S.85.-5.40.5.stn.193.Np.sr
all.P.85.-5.40.5.stn.349.Np.sr
egf 2609353
all.S.85.-5.40.5.stn.56.Np.sr
all.P.85.-5.40.5.stn.56.Np.sr
master 10937540
egf 10974984
all.S.85.-5.40.5.stn.0.Np.sr
all.P.85.-5.40.5.stn.0.Np.sr
egf 10974966
all.S.85.-5.40.5.stn.4.Np.sr
all.P.85.-5.40.5.stn.61.Np.sr
egf 10972756
all.S.85.-5.40.5.stn.331.Np.sr
all.P.85.-5.40.5.stn.475.Np.sr
egf 10955349
all.S.85.-5.40.5.stn.2.Np.sr
all.P.85.-5.40.5.stn.9.Np.sr
egf 10953779
all.S.85.-5.40.5.stn.302.Np.sr
all.P.85.-5.40.5.stn.469.Np.sr
egf 10952079
all.S.85.-5.40.5.stn.38.Np.sr
all.P.85.-5.40.5.stn.82.Np.sr
egf 10950337
all.S.85.-5.40.5.stn.112.Np.sr
all.P.85.-5.40.5.stn.170.Np.sr
egf 10949287
all.S.85.-5.40.5.stn.1.Np.sr
all.P.85.-5.40.5.stn.8.Np.sr
egf 10944714
all.S.85.-5.40.5.stn.8.Np.sr
all.P.85.-5.40.5.stn.206.Np.sr
egf 10941184
all.S.85.-5.40.5.stn.16.Np.sr
all.P.85.-5.40.5.stn.151.Np.sr
egf 10937989
all.S.85.-5.40.5.stn.3.Np.sr
all.P.85.-5.40.5.stn.12.Np.sr
egf 10767119
all.S.85.-5.40.5.stn.41.Np.sr
all.P.85.-5.40.5.stn.154.Np.sr
egf 10724451
all.S.85.-5.40.5.stn.46.Np.sr
all.P.85.-5.40.5.stn.122.Np.sr
egf 10683512
all.S.85.-5.40.5.stn.10.Np.sr
all.P.85.-5.40.5.stn.70.Np.sr
egf 10642106
all.S.85.-5.40.5.stn.2.Np.sr
all.P.85.-5.40.5.stn.8.Np.sr
egf 10641734
all.S.85.-5.40.5.stn.19.Np.sr
all.P.85.-5.40.5.stn.48.Np.sr
egf 10641454
all.S.85.-5.40.5.stn.26.Np.sr
all.P.85.-5.40.5.stn.312.Np.sr
egf 10608532
all.S.85.-5.40.5.stn.2.Np.sr
all.P.85.-5.40.5.stn.43.Np.sr
egf 10605462
all.S.85.-5.40.5.stn.18.Np.sr
all.P.85.-5.40.5.stn.51.Np.sr
egf 10486346
all.S.85.-5.40.5.stn.4.Np.sr
all.P.85.-5.40.5.stn.14.Np.sr
egf 10453182
all.S.85.-5.40.5.stn.5.Np.sr
all.P.85.-5.40.5.stn.70.Np.sr
egf 10452819
all.S.85.-5.40.5.stn.16.Np.sr
all.P.85.-5.40.5.stn.141.Np.sr
egf 10452239
all.S.85.-5.40.5.stn.5.Np.sr
all.P.85.-5.40.5.stn.114.Np.sr
egf 10394345
all.S.85.-5.40.5.stn.286.Np.sr
all.P.85.-5.40.5.stn.435.Np.sr
egf 10087356
all.S.85.-5.40.5.stn.66.Np.sr
all.P.85.-5.40.5.stn.179.Np.sr
egf 10049656
all.S.85.-5.40.5.stn.44.Np.sr
all.P.85.-5.40.5.stn.13.Np.sr
egf 10003813
all.S.85.-5.40.5.stn.35.Np.sr
all.P.85.-5.40.5.stn.224.Np.sr
egf 5197496
all.S.85.-5.40.5.stn.2.Np.sr
all.P.85.-5.40.5.stn.18.Np.sr
egf 9376197
all.S.85.-5.40.5.stn.197.Np.sr
all.P.85.-5.40.5.stn.265.Np.sr
egf 5183964
all.S.85.-5.40.5.stn.166.Np.sr
all.P.85.-5.40.5.stn.262.Np.sr
egf 5183873
all.S.85.-5.40.5.stn.143.Np.sr
all.P.85.-5.40.5.stn.152.Np.sr
egf 5174891
all.S.85.-5.40.5.stn.14.Np.sr
all.P.85.-5.40.5.stn.106.Np.sr
egf 5167348
all.S.85.-5.40.5.stn.2.Np.sr
all.P.85.-5.40.5.stn.41.Np.sr
egf 5152978
all.S.85.-5.40.5.stn.21.Np.sr
all.P.85.-5.40.5.stn.184.Np.sr
egf 5149842
all.S.85.-5.40.5.stn.71.Np.sr
all.P.85.-5.40.5.stn.171.Np.sr
egf 5149577
all.S.85.-5.40.5.stn.50.Np.sr
all.P.85.-5.40.5.stn.189.Np.sr
egf 5112137
all.S.85.-5.40.5.stn.58.Np.sr
all.P.85.-5.40.5.stn.170.Np.sr
egf 5109197
all.S.85.-5.40.5.stn.28.Np.sr
all.P.85.-5.40.5.stn.247.Np.sr
egf 5075423
all.S.85.-5.40.5.stn.7.Np.sr
all.P.85.-5.40.5.stn.34.Np.sr
egf 5003507
all.S.85.-5.40.5.stn.76.Np.sr
all.P.85.-5.40.5.stn.192.Np.sr
egf 4819551
all.S.85.-5.40.5.stn.31.Np.sr
all.P.85.-5.40.5.stn.159.Np.sr
egf 4819294
all.S.85.-5.40.5.stn.0.Np.sr
all.P.85.-5.40.5.stn.10.Np.sr
egf 4813335
all.S.85.-5.40.5.stn.205.Np.sr
all.P.85.-5.40.5.stn.293.Np.sr
egf 4810015
all.S.85.-5.40.5.stn.0.Np.sr
all.P.85.-5.40.5.stn.9.Np.sr
egf 4725571
all.S.85.-5.40.5.stn.189.Np.sr
all.P.85.-5.40.5.stn.264.Np.sr
egf 8350539
all.S.85.-5.40.5.stn.27.Np.sr
all.P.85.-5.40.5.stn.117.Np.sr
egf 4370315
all.S.85.-5.40.5.stn.11.Np.sr
all.P.85.-5.40.5.stn.32.Np.sr
egf 9193194
all.S.85.-5.40.5.stn.3.Np.sr
all.P.85.-5.40.5.stn.99.Np.sr
egf 9025015
all.S.85.-5.40.5.stn.1.Np.sr
all.P.85.-5.40.5.stn.11.Np.sr
egf 8847907
all.S.85.-5.40.5.stn.6.Np.sr
all.P.85.-5.40.5.stn.92.Np.sr
egf 8794268
all.S.85.-5.40.5.stn.39.Np.sr
all.P.85.-5.40.5.stn.113.Np.sr
egf 8776698
all.S.85.-5.40.5.stn.0.Np.sr
all.P.85.-5.40.5.stn.18.Np.sr
egf 8774227
all.S.85.-5.40.5.stn.13.Np.sr
all.P.85.-5.40.5.stn.116.Np.sr
egf 8741773
all.S.85.-5.40.5.stn.4.Np.sr
all.P.85.-5.40.5.stn.22.Np.sr
egf 8711688
all.S.85.-5.40.5.stn.13.Np.sr
all.P.85.-5.40.5.stn.16.Np.sr
egf 3334228
all.S.85.-5.40.5.stn.23.Np.sr
all.P.85.-5.40.5.stn.140.Np.sr
egf 3324521
all.S.85.-5.40.5.stn.26.Np.sr
all.P.85.-5.40.5.stn.125.Np.sr
egf 3322252
all.S.85.-5.40.5.stn.125.Np.sr
all.P.85.-5.40.5.stn.200.Np.sr
egf 3320665
all.S.85.-5.40.5.stn.74.Np.sr
all.P.85.-5.40.5.stn.171.Np.sr
egf 3318415
all.S.85.-5.40.5.stn.55.Np.sr
all.P.85.-5.40.5.stn.132.Np.sr
egf 3286124
all.S.85.-5.40.5.stn.6.Np.sr
all.P.85.-5.40.5.stn.11.Np.sr
egf 3282428
all.S.85.-5.40.5.stn.2.Np.sr
all.P.85.-5.40.5.stn.43.Np.sr
egf 3282255
all.S.85.-5.40.5.stn.62.Np.sr
all.P.85.-5.40.5.stn.153.Np.sr
egf 3206603
all.S.85.-5.40.5.stn.0.Np.sr
all.P.85.-5.40.5.stn.10.Np.sr
egf 2878496
all.S.85.-5.40.5.stn.60.Np.sr
all.P.85.-5.40.5.stn.94.Np.sr
egf 2878391
all.S.85.-5.40.5.stn.0.Np.sr
all.P.85.-5.40.5.stn.0.Np.sr
egf 2877771
all.S.85.-5.40.5.stn.2.Np.sr
all.P.85.-5.40.5.stn.10.Np.sr
egf 2874365
all.S.85.-5.40.5.stn.17.Np.sr
all.P.85.-5.40.5.stn.11.Np.sr
egf 2841270
all.S.85.-5.40.5.stn.54.Np.sr
all.P.85.-5.40.5.stn.175.Np.sr
egf 2840898
all.S.85.-5.40.5.stn.4.Np.sr
all.P.85.-5.40.5.stn.31.Np.sr
egf 2840820
all.S.85.-5.40.5.stn.125.Np.sr
all.P.85.-5.40.5.stn.203.Np.sr
egf 2873047
all.S.85.-5.40.5.stn.1.Np.sr
all.P.85.-5.40.5.stn.11.Np.sr
egf 2872982
all.S.85.-5.40.5.stn.0.Np.sr
all.P.85.-5.40.5.stn.33.Np.sr
egf 2870312
all.S.85.-5.40.5.stn.4.Np.sr
all.P.85.-5.40.5.stn.29.Np.sr
egf 2870291
all.S.85.-5.40.5.stn.1.Np.sr
all.P.85.-5.40.5.stn.31.Np.sr
egf 2868527
all.S.85.-5.40.5.stn.7.Np.sr
all.P.85.-5.40.5.stn.44.Np.sr
egf 2867305
all.S.85.-5.40.5.stn.0.Np.sr
all.P.85.-5.40.5.stn.2.Np.sr
egf 2866693
all.S.85.-5.40.5.stn.6.Np.sr
all.P.85.-5.40.5.stn.63.Np.sr
egf 2866206
all.S.85.-5.40.5.stn.7.Np.sr
all.P.85.-5.40.5.stn.18.Np.sr
egf 2865073
all.S.85.-5.40.5.stn.2.Np.sr
all.P.85.-5.40.5.stn.51.Np.sr
egf 2865034
all.S.85.-5.40.5.stn.5.Np.sr
all.P.85.-5.40.5.stn.62.Np.sr
egf 2864942
all.S.85.-5.40.5.stn.0.Np.sr
all.P.85.-5.40.5.stn.22.Np.sr
egf 2864167
all.S.85.-5.40.5.stn.3.Np.sr
all.P.85.-5.40.5.stn.8.Np.sr
egf 2862473
all.S.85.-5.40.5.stn.8.Np.sr
all.P.85.-5.40.5.stn.62.Np.sr
egf 2861950
all.S.85.-5.40.5.stn.2.Np.sr
all.P.85.-5.40.5.stn.7.Np.sr
egf 2860612
all.S.85.-5.40.5.stn.4.Np.sr
all.P.85.-5.40.5.stn.67.Np.sr
egf 2725850
all.S.85.-5.40.5.stn.24.Np.sr
all.P.85.-5.40.5.stn.125.Np.sr
egf 2728435
all.S.85.-5.40.5.stn.42.Np.sr
all.P.85.-5.40.5.stn.140.Np.sr
egf 2670642
all.S.85.-5.40.5.stn.0.Np.sr
all.P.85.-5.40.5.stn.3.Np.sr
egf 2647592
all.S.85.-5.40.5.stn.8.Np.sr
all.P.85.-5.40.5.stn.53.Np.sr
egf 2717220
all.S.85.-5.40.5.stn.0.Np.sr
all.P.85.-5.40.5.stn.2.Np.sr
egf 2704829
all.S.85.-5.40.5.stn.63.Np.sr
all.P.85.-5.40.5.stn.127.Np.sr
egf 2589246
all.S.85.-5.40.5.stn.56.Np.sr
all.P.85.-5.40.5.stn.137.Np.sr
egf 2619813
all.S.85.-5.40.5.stn.5.Np.sr
all.P.85.-5.40.5.stn.53.Np.sr
egf 2561144
all.S.85.-5.40.5.stn.3.Np.sr
all.P.85.-5.40.5.stn.32.Np.sr
egf 2491944
all.S.85.-5.40.5.stn.0.Np.sr
all.P.85.-5.40.5.stn.13.Np.sr
egf 2632619
all.S.85.-5.40.5.stn.3.Np.sr
all.P.85.-5.40.5.stn.21.Np.sr
egf 2480294
all.S.85.-5.40.5.stn.0.Np.sr
all.P.85.-5.40.5.stn.22.Np.sr
egf 2452006
all.S.85.-5.40.5.stn.2.Np.sr
all.P.85.-5.40.5.stn.69.Np.sr
egf 2450667
all.S.85.-5.40.5.stn.0.Np.sr
all.P.85.-5.40.5.stn.0.Np.sr
egf 2429456
all.S.85.-5.40.5.stn.2.Np.sr
all.P.85.-5.40.5.stn.61.Np.sr
egf 2426242
all.S.85.-5.40.5.stn.0.Np.sr
all.P.85.-5.40.5.stn.8.Np.sr
egf 2425804
all.S.85.-5.40.5.stn.8.Np.sr
all.P.85.-5.40.5.stn.31.Np.sr
egf 2425674
all.S.85.-5.40.5.stn.32.Np.sr
all.P.85.-5.40.5.stn.113.Np.sr
egf 2451103
all.S.85.-5.40.5.stn.3.Np.sr
all.P.85.-5.40.5.stn.48.Np.sr
egf 2476415
all.S.85.-5.40.5.stn.2.Np.sr
all.P.85.-5.40.5.stn.45.Np.sr
egf 2534944
all.S.85.-5.40.5.stn.0.Np.sr
all.P.85.-5.40.5.stn.2.Np.sr
egf 2429309
all.S.85.-5.40.5.stn.13.Np.sr
all.P.85.-5.40.5.stn.57.Np.sr
egf 2368935
all.S.85.-5.40.5.stn.0.Np.sr
all.P.85.-5.40.5.stn.23.Np.sr
egf 2321782
all.S.85.-5.40.5.stn.0.Np.sr
all.P.85.-5.40.5.stn.23.Np.sr
egf 2336312
all.S.85.-5.40.5.stn.0.Np.sr
all.P.85.-5.40.5.stn.14.Np.sr
egf 2389963
all.S.85.-5.40.5.stn.0.Np.sr
all.P.85.-5.40.5.stn.10.Np.sr
egf 2372840
all.S.85.-5.40.5.stn.9.Np.sr
all.P.85.-5.40.5.stn.85.Np.sr
egf 2355119
all.S.85.-5.40.5.stn.4.Np.sr
all.P.85.-5.40.5.stn.16.Np.sr
egf 2346469
all.S.85.-5.40.5.stn.0.Np.sr
all.P.85.-5.40.5.stn.1.Np.sr
egf 2292909
all.S.85.-5.40.5.stn.5.Np.sr
all.P.85.-5.40.5.stn.35.Np.sr
egf 2216989
all.S.85.-5.40.5.stn.1.Np.sr
all.P.85.-5.40.5.stn.17.Np.sr
egf 2211042
all.S.85.-5.40.5.stn.0.Np.sr
all.P.85.-5.40.5.stn.20.Np.sr
egf 2210432
all.S.85.-5.40.5.stn.18.Np.sr
all.P.85.-5.40.5.stn.87.Np.sr
egf 2186449
all.S.85.-5.40.5.stn.41.Np.sr
all.P.85.-5.40.5.stn.53.Np.sr
egf 2308234
all.S.85.-5.40.5.stn.2.Np.sr
all.P.85.-5.40.5.stn.17.Np.sr
egf 2188298
all.S.85.-5.40.5.stn.0.Np.sr
all.P.85.-5.40.5.stn.8.Np.sr
egf 2276285
all.S.85.-5.40.5.stn.40.Np.sr
all.P.85.-5.40.5.stn.105.Np.sr
egf 2186707
all.S.85.-5.40.5.stn.71.Np.sr
all.P.85.-5.40.5.stn.132.Np.sr
egf 2188466
all.S.85.-5.40.5.stn.72.Np.sr
all.P.85.-5.40.5.stn.123.Np.sr
egf 2019856
all.S.85.-5.40.5.stn.0.Np.sr
all.P.85.-5.40.5.stn.9.Np.sr
egf 2115376
all.S.85.-5.40.5.stn.6.Np.sr
all.P.85.-5.40.5.stn.10.Np.sr
egf 2009482
all.S.85.-5.40.5.stn.50.Np.sr
all.P.85.-5.40.5.stn.99.Np.sr
egf 2043373
all.S.85.-5.40.5.stn.1.Np.sr
all.P.85.-5.40.5.stn.10.Np.sr
egf 1907367
all.S.85.-5.40.5.stn.2.Np.sr
all.P.85.-5.40.5.stn.11.Np.sr
egf 1880712
all.S.85.-5.40.5.stn.3.Np.sr
all.P.85.-5.40.5.stn.18.Np.sr
egf 1864207
all.S.85.-5.40.5.stn.1.Np.sr
all.P.85.-5.40.5.stn.25.Np.sr
egf 1794941
all.S.85.-5.40.5.stn.0.Np.sr
all.P.85.-5.40.5.stn.1.Np.sr
egf 1860822
all.S.85.-5.40.5.stn.0.Np.sr
all.P.85.-5.40.5.stn.9.Np.sr
egf 1857221
all.S.85.-5.40.5.stn.57.Np.sr
all.P.85.-5.40.5.stn.89.Np.sr
egf 1822889
all.S.85.-5.40.5.stn.1.Np.sr
all.P.85.-5.40.5.stn.3.Np.sr
egf 1833055
all.S.85.-5.40.5.stn.70.Np.sr
all.P.85.-5.40.5.stn.108.Np.sr
egf 1828292
all.S.85.-5.40.5.stn.1.Np.sr
all.P.85.-5.40.5.stn.62.Np.sr
egf 1711457
all.S.85.-5.40.5.stn.0.Np.sr
all.P.85.-5.40.5.stn.1.Np.sr
egf 1705277
all.S.85.-5.40.5.stn.0.Np.sr
all.P.85.-5.40.5.stn.2.Np.sr
egf 1719192
all.S.85.-5.40.5.stn.2.Np.sr
all.P.85.-5.40.5.stn.23.Np.sr
egf 1691670
all.S.85.-5.40.5.stn.0.Np.sr
all.P.85.-5.40.5.stn.3.Np.sr
egf 1604731
all.S.85.-5.40.5.stn.0.Np.sr
all.P.85.-5.40.5.stn.2.Np.sr
egf 1688838
all.S.85.-5.40.5.stn.0.Np.sr
all.P.85.-5.40.5.stn.1.Np.sr
egf 1660728
all.S.85.-5.40.5.stn.2.Np.sr
all.P.85.-5.40.5.stn.61.Np.sr
egf 1648780
all.S.85.-5.40.5.stn.0.Np.sr
all.P.85.-5.40.5.stn.7.Np.sr
egf 1660428
all.S.85.-5.40.5.stn.1.Np.sr
all.P.85.-5.40.5.stn.8.Np.sr
egf 1593746
all.S.85.-5.40.5.stn.0.Np.sr
all.P.85.-5.40.5.stn.21.Np.sr
egf 1560547
all.S.85.-5.40.5.stn.0.Np.sr
all.P.85.-5.40.5.stn.5.Np.sr
egf 1547900
all.S.85.-5.40.5.stn.2.Np.sr
all.P.85.-5.40.5.stn.54.Np.sr
egf 1485333
all.S.85.-5.40.5.stn.0.Np.sr
all.P.85.-5.40.5.stn.2.Np.sr
egf 1494457
all.S.85.-5.40.5.stn.0.Np.sr
all.P.85.-5.40.5.stn.1.Np.sr
egf 1453387
all.S.85.-5.40.5.stn.0.Np.sr
all.P.85.-5.40.5.stn.21.Np.sr
egf 1449568
all.S.85.-5.40.5.stn.0.Np.sr
all.P.85.-5.40.5.stn.0.Np.sr
egf 1401732
all.S.85.-5.40.5.stn.1.Np.sr
all.P.85.-5.40.5.stn.5.Np.sr
egf 1437461
all.S.85.-5.40.5.stn.0.Np.sr
all.P.85.-5.40.5.stn.2.Np.sr
egf 1449061
all.S.85.-5.40.5.stn.9.Np.sr
all.P.85.-5.40.5.stn.51.Np.sr
egf 1439449
all.S.85.-5.40.5.stn.8.Np.sr
all.P.85.-5.40.5.stn.50.Np.sr
egf 1404671
all.S.85.-5.40.5.stn.16.Np.sr
all.P.85.-5.40.5.stn.55.Np.sr
egf 1406641
all.S.85.-5.40.5.stn.0.Np.sr
all.P.85.-5.40.5.stn.1.Np.sr
egf 1398761
all.S.85.-5.40.5.stn.0.Np.sr
all.P.85.-5.40.5.stn.3.Np.sr
egf 1410908
all.S.85.-5.40.5.stn.1.Np.sr
all.P.85.-5.40.5.stn.8.Np.sr
egf 1369933
all.S.85.-5.40.5.stn.32.Np.sr
all.P.85.-5.40.5.stn.55.Np.sr
egf 1327033
all.S.85.-5.40.5.stn.3.Np.sr
all.P.85.-5.40.5.stn.51.Np.sr
egf 1296178
all.S.85.-5.40.5.stn.3.Np.sr
all.P.85.-5.40.5.stn.35.Np.sr
egf 1293963
all.S.85.-5.40.5.stn.1.Np.sr
all.P.85.-5.40.5.stn.12.Np.sr
egf 1251900
all.S.85.-5.40.5.stn.0.Np.sr
all.P.85.-5.40.5.stn.1.Np.sr
egf 1240451
all.S.85.-5.40.5.stn.1.Np.sr
all.P.85.-5.40.5.stn.19.Np.sr
egf 1197588
all.S.85.-5.40.5.stn.0.Np.sr
all.P.85.-5.40.5.stn.2.Np.sr
egf 1149145
all.S.85.-5.40.5.stn.15.Np.sr
all.P.85.-5.40.5.stn.34.Np.sr
egf 1235408
all.S.85.-5.40.5.stn.0.Np.sr
all.P.85.-5.40.5.stn.9.Np.sr
egf 1103281
all.S.85.-5.40.5.stn.0.Np.sr
all.P.85.-5.40.5.stn.7.Np.sr
egf 1097023
all.S.85.-5.40.5.stn.29.Np.sr
all.P.85.-5.40.5.stn.47.Np.sr
egf 1180970
all.S.85.-5.40.5.stn.0.Np.sr
all.P.85.-5.40.5.stn.5.Np.sr
egf 1125195
all.S.85.-5.40.5.stn.0.Np.sr
all.P.85.-5.40.5.stn.22.Np.sr
egf 1179413
all.S.85.-5.40.5.stn.0.Np.sr
all.P.85.-5.40.5.stn.30.Np.sr
egf 1093324
all.S.85.-5.40.5.stn.0.Np.sr
all.P.85.-5.40.5.stn.4.Np.sr
egf 1046189
all.S.85.-5.40.5.stn.0.Np.sr
all.P.85.-5.40.5.stn.5.Np.sr
egf 1039338
all.S.85.-5.40.5.stn.31.Np.sr
all.P.85.-5.40.5.stn.50.Np.sr
egf 1014940
all.S.85.-5.40.5.stn.0.Np.sr
all.P.85.-5.40.5.stn.3.Np.sr
egf 1017636
all.S.85.-5.40.5.stn.0.Np.sr
all.P.85.-5.40.5.stn.8.Np.sr
egf 934352
all.S.85.-5.40.5.stn.6.Np.sr
all.P.85.-5.40.5.stn.49.Np.sr
egf 932438
all.S.85.-5.40.5.stn.0.Np.sr
all.P.85.-5.40.5.stn.28.Np.sr
egf 1150182
all.S.85.-5.40.5.stn.0.Np.sr
all.P.85.-5.40.5.stn.7.Np.sr
egf 883990
all.S.85.-5.40.5.stn.5.Np.sr
all.P.85.-5.40.5.stn.35.Np.sr
egf 877294
all.S.85.-5.40.5.stn.0.Np.sr
all.P.85.-5.40.5.stn.0.Np.sr
egf 915837
all.S.85.-5.40.5.stn.0.Np.sr
all.P.85.-5.40.5.stn.4.Np.sr
egf 872126
all.S.85.-5.40.5.stn.0.Np.sr
all.P.85.-5.40.5.stn.15.Np.sr
egf 872072
all.S.85.-5.40.5.stn.0.Np.sr
all.P.85.-5.40.5.stn.0.Np.sr
egf 870490
all.S.85.-5.40.5.stn.0.Np.sr
all.P.85.-5.40.5.stn.2.Np.sr
egf 870436
all.S.85.-5.40.5.stn.0.Np.sr
all.P.85.-5.40.5.stn.2.Np.sr
egf 971416
all.S.85.-5.40.5.stn.0.Np.sr
all.P.85.-5.40.5.stn.3.Np.sr
egf 911902
all.S.85.-5.40.5.stn.5.Np.sr
all.P.85.-5.40.5.stn.16.Np.sr
egf 907306
all.S.85.-5.40.5.stn.4.Np.sr
all.P.85.-5.40.5.stn.18.Np.sr
egf 874872
all.S.85.-5.40.5.stn.0.Np.sr
all.P.85.-5.40.5.stn.2.Np.sr
master 10936816
egf 9981639
all.S.85.-5.40.5.stn.10.Np.sr
all.P.85.-5.40.5.stn.49.Np.sr
master 10923774
egf 976008
all.S.85.-5.40.5.stn.1.Np.sr
all.P.85.-5.40.5.stn.3.Np.sr
master 10723241
egf 5171122
all.S.85.-5.40.5.stn.137.Np.sr
all.P.85.-5.40.5.stn.199.Np.sr
master 10641454
egf 10955349
all.S.85.-5.40.5.stn.1.Np.sr
all.P.85.-5.40.5.stn.7.Np.sr
egf 10944714
all.S.85.-5.40.5.stn.0.Np.sr
all.P.85.-5.40.5.stn.157.Np.sr
egf 10937989
all.S.85.-5.40.5.stn.0.Np.sr
all.P.85.-5.40.5.stn.8.Np.sr
egf 10486346
all.S.85.-5.40.5.stn.1.Np.sr
all.P.85.-5.40.5.stn.10.Np.sr
egf 5075423
all.S.85.-5.40.5.stn.5.Np.sr
all.P.85.-5.40.5.stn.30.Np.sr
egf 4810015
all.S.85.-5.40.5.stn.0.Np.sr
all.P.85.-5.40.5.stn.7.Np.sr
egf 8741773
all.S.85.-5.40.5.stn.1.Np.sr
all.P.85.-5.40.5.stn.12.Np.sr
egf 2873047
all.S.85.-5.40.5.stn.0.Np.sr
all.P.85.-5.40.5.stn.6.Np.sr
egf 2368935
all.S.85.-5.40.5.stn.0.Np.sr
all.P.85.-5.40.5.stn.22.Np.sr
egf 2336312
all.S.85.-5.40.5.stn.0.Np.sr
all.P.85.-5.40.5.stn.13.Np.sr
egf 2211042
all.S.85.-5.40.5.stn.0.Np.sr
all.P.85.-5.40.5.stn.15.Np.sr
Error - Curve fit failed
egf 2188298
all.S.85.-5.40.5.stn.0.Np.sr
all.P.85.-5.40.5.stn.6.Np.sr
Error - Curve fit failed
egf 1822889
all.S.85.-5.40.5.stn.1.Np.sr
all.P.85.-5.40.5.stn.3.Np.sr
egf 1691670
all.S.85.-5.40.5.stn.0.Np.sr
all.P.85.-5.40.5.stn.2.Np.sr
egf 1449568
all.S.85.-5.40.5.stn.0.Np.sr
all.P.85.-5.40.5.stn.0.Np.sr
egf 1410908
all.S.85.-5.40.5.stn.0.Np.sr
all.P.85.-5.40.5.stn.5.Np.sr
egf 1197588
all.S.85.-5.40.5.stn.0.Np.sr
all.P.85.-5.40.5.stn.1.Np.sr
egf 1150182
all.S.85.-5.40.5.stn.0.Np.sr
all.P.85.-5.40.5.stn.4.Np.sr
egf 874872
all.S.85.-5.40.5.stn.0.Np.sr
all.P.85.-5.40.5.stn.1.Np.sr
master 10447967
egf 10923774
all.S.85.-5.40.5.stn.49.Np.sr
all.P.85.-5.40.5.stn.111.Np.sr
Error - curve_fit failed
egf 5191265
all.S.85.-5.40.5.stn.52.Np.sr
all.P.85.-5.40.5.stn.157.Np.sr
egf 1494933
all.S.85.-5.40.5.stn.1.Np.sr
all.P.85.-5.40.5.stn.5.Np.sr
egf 976008
all.S.85.-5.40.5.stn.1.Np.sr
all.P.85.-5.40.5.stn.7.Np.sr
master 10401792
egf 10942801
all.S.85.-5.40.5.stn.123.Np.sr
all.P.85.-5.40.5.stn.281.Np.sr
egf 3335289
all.S.85.-5.40.5.stn.5.Np.sr
all.P.85.-5.40.5.stn.78.Np.sr
master 10394345
egf 10974984
all.S.85.-5.40.5.stn.0.Np.sr
all.P.85.-5.40.5.stn.0.Np.sr
egf 10974966
all.S.85.-5.40.5.stn.2.Np.sr
all.P.85.-5.40.5.stn.47.Np.sr
egf 10955349
all.S.85.-5.40.5.stn.2.Np.sr
Error - curve_fit failed
all.P.85.-5.40.5.stn.7.Np.sr
egf 10952079
all.S.85.-5.40.5.stn.28.Np.sr
all.P.85.-5.40.5.stn.70.Np.sr
egf 10944714
all.S.85.-5.40.5.stn.7.Np.sr
all.P.85.-5.40.5.stn.185.Np.sr
egf 10937989
all.S.85.-5.40.5.stn.1.Np.sr
all.P.85.-5.40.5.stn.12.Np.sr
egf 10767119
all.S.85.-5.40.5.stn.39.Np.sr
all.P.85.-5.40.5.stn.147.Np.sr
egf 10486346
all.S.85.-5.40.5.stn.3.Np.sr
all.P.85.-5.40.5.stn.15.Np.sr
egf 10452819
all.S.85.-5.40.5.stn.20.Np.sr
all.P.85.-5.40.5.stn.142.Np.sr
egf 10049656
all.S.85.-5.40.5.stn.38.Np.sr
all.P.85.-5.40.5.stn.14.Np.sr
egf 10003813
all.S.85.-5.40.5.stn.40.Np.sr
all.P.85.-5.40.5.stn.226.Np.sr
egf 5167348
all.S.85.-5.40.5.stn.3.Np.sr
all.P.85.-5.40.5.stn.41.Np.sr
egf 5152978
all.S.85.-5.40.5.stn.23.Np.sr
all.P.85.-5.40.5.stn.187.Np.sr
egf 5109197
all.S.85.-5.40.5.stn.21.Np.sr
all.P.85.-5.40.5.stn.243.Np.sr
egf 5075423
all.S.85.-5.40.5.stn.4.Np.sr
all.P.85.-5.40.5.stn.31.Np.sr
egf 4819294
all.S.85.-5.40.5.stn.0.Np.sr
all.P.85.-5.40.5.stn.10.Np.sr
egf 4810015
all.S.85.-5.40.5.stn.1.Np.sr
all.P.85.-5.40.5.stn.9.Np.sr
egf 8741773
all.S.85.-5.40.5.stn.4.Np.sr
all.P.85.-5.40.5.stn.23.Np.sr
egf 3334228
all.S.85.-5.40.5.stn.24.Np.sr
all.P.85.-5.40.5.stn.139.Np.sr
egf 3282428
all.S.85.-5.40.5.stn.2.Np.sr
Error - curve_fit failed
all.P.85.-5.40.5.stn.44.Np.sr
egf 2873047
all.S.85.-5.40.5.stn.1.Np.sr
all.P.85.-5.40.5.stn.10.Np.sr
egf 2866206
all.S.85.-5.40.5.stn.5.Np.sr
all.P.85.-5.40.5.stn.22.Np.sr
egf 2865073
all.S.85.-5.40.5.stn.5.Np.sr
all.P.85.-5.40.5.stn.48.Np.sr
egf 2865034
all.S.85.-5.40.5.stn.7.Np.sr
all.P.85.-5.40.5.stn.59.Np.sr
egf 2862473
all.S.85.-5.40.5.stn.11.Np.sr
all.P.85.-5.40.5.stn.66.Np.sr
egf 2368935
all.S.85.-5.40.5.stn.0.Np.sr
all.P.85.-5.40.5.stn.21.Np.sr
egf 2336312
all.S.85.-5.40.5.stn.1.Np.sr
all.P.85.-5.40.5.stn.14.Np.sr
egf 2372840
all.S.85.-5.40.5.stn.8.Np.sr
all.P.85.-5.40.5.stn.87.Np.sr
egf 2211042
all.S.85.-5.40.5.stn.1.Np.sr
all.P.85.-5.40.5.stn.20.Np.sr
Error - curve_fit failed
egf 2308234
all.S.85.-5.40.5.stn.3.Np.sr
all.P.85.-5.40.5.stn.20.Np.sr
egf 2188298
all.S.85.-5.40.5.stn.1.Np.sr
all.P.85.-5.40.5.stn.8.Np.sr
egf 2043373
all.S.85.-5.40.5.stn.1.Np.sr
all.P.85.-5.40.5.stn.9.Np.sr
egf 1880712
all.S.85.-5.40.5.stn.3.Np.sr
all.P.85.-5.40.5.stn.18.Np.sr
egf 1822889
all.S.85.-5.40.5.stn.1.Np.sr
all.P.85.-5.40.5.stn.3.Np.sr
egf 1828292
all.S.85.-5.40.5.stn.2.Np.sr
all.P.85.-5.40.5.stn.63.Np.sr
egf 1691670
all.S.85.-5.40.5.stn.0.Np.sr
all.P.85.-5.40.5.stn.3.Np.sr
egf 1648780
all.S.85.-5.40.5.stn.1.Np.sr
all.P.85.-5.40.5.stn.8.Np.sr
egf 1453387
all.S.85.-5.40.5.stn.0.Np.sr
all.P.85.-5.40.5.stn.20.Np.sr
egf 1449568
all.S.85.-5.40.5.stn.0.Np.sr
all.P.85.-5.40.5.stn.0.Np.sr
egf 1401732
all.S.85.-5.40.5.stn.0.Np.sr
all.P.85.-5.40.5.stn.5.Np.sr
egf 1437461
all.S.85.-5.40.5.stn.0.Np.sr
all.P.85.-5.40.5.stn.2.Np.sr
egf 1410908
all.S.85.-5.40.5.stn.1.Np.sr
all.P.85.-5.40.5.stn.8.Np.sr
egf 1327033
all.S.85.-5.40.5.stn.3.Np.sr
all.P.85.-5.40.5.stn.52.Np.sr
egf 1296178
all.S.85.-5.40.5.stn.2.Np.sr
all.P.85.-5.40.5.stn.36.Np.sr
egf 1197588
all.S.85.-5.40.5.stn.0.Np.sr
all.P.85.-5.40.5.stn.3.Np.sr
egf 1179413
all.S.85.-5.40.5.stn.0.Np.sr
all.P.85.-5.40.5.stn.32.Np.sr
egf 932438
all.S.85.-5.40.5.stn.0.Np.sr
all.P.85.-5.40.5.stn.31.Np.sr
egf 1150182
all.S.85.-5.40.5.stn.0.Np.sr
all.P.85.-5.40.5.stn.7.Np.sr
egf 872126
all.S.85.-5.40.5.stn.0.Np.sr
all.P.85.-5.40.5.stn.16.Np.sr
egf 872072
all.S.85.-5.40.5.stn.0.Np.sr
all.P.85.-5.40.5.stn.0.Np.sr
egf 874872
all.S.85.-5.40.5.stn.0.Np.sr
all.P.85.-5.40.5.stn.3.Np.sr
master 10227651
egf 10946009
all.S.85.-5.40.5.stn.1.Np.sr
all.P.85.-5.40.5.stn.6.Np.sr
egf 10907822
all.S.85.-5.40.5.stn.3.Np.sr
all.P.85.-5.40.5.stn.65.Np.sr
egf 10764702
all.S.85.-5.40.5.stn.3.Np.sr
all.P.85.-5.40.5.stn.10.Np.sr
egf 10603718
all.S.85.-5.40.5.stn.0.Np.sr
all.P.85.-5.40.5.stn.14.Np.sr
egf 3318218
all.S.85.-5.40.5.stn.1.Np.sr
all.P.85.-5.40.5.stn.15.Np.sr
egf 3316549
all.S.85.-5.40.5.stn.3.Np.sr
all.P.85.-5.40.5.stn.21.Np.sr
egf 2879536
all.S.85.-5.40.5.stn.1.Np.sr
all.P.85.-5.40.5.stn.39.Np.sr
egf 2844260
all.S.85.-5.40.5.stn.1.Np.sr
all.P.85.-5.40.5.stn.4.Np.sr
egf 2869700
all.S.85.-5.40.5.stn.0.Np.sr
all.P.85.-5.40.5.stn.9.Np.sr
egf 2862575
all.S.85.-5.40.5.stn.0.Np.sr
all.P.85.-5.40.5.stn.8.Np.sr
egf 2202130
all.S.85.-5.40.5.stn.0.Np.sr
all.P.85.-5.40.5.stn.5.Np.sr
Error - curve_fit failed
Error - curve_fit failed
Error - curve_fit failed
Error - curve_fit failed
egf 2083727
all.S.85.-5.40.5.stn.0.Np.sr
all.P.85.-5.40.5.stn.4.Np.sr
egf 2022528
all.S.85.-5.40.5.stn.1.Np.sr
all.P.85.-5.40.5.stn.9.Np.sr
egf 1996223
all.S.85.-5.40.5.stn.1.Np.sr
all.P.85.-5.40.5.stn.7.Np.sr
egf 1764785
all.S.85.-5.40.5.stn.0.Np.sr
all.P.85.-5.40.5.stn.2.Np.sr
egf 1846186
all.S.85.-5.40.5.stn.0.Np.sr
all.P.85.-5.40.5.stn.6.Np.sr
egf 1673950
all.S.85.-5.40.5.stn.0.Np.sr
all.P.85.-5.40.5.stn.7.Np.sr
egf 1357842
all.S.85.-5.40.5.stn.0.Np.sr
all.P.85.-5.40.5.stn.2.Np.sr
egf 1185006
all.S.85.-5.40.5.stn.0.Np.sr
all.P.85.-5.40.5.stn.0.Np.sr
egf 947908
all.S.85.-5.40.5.stn.0.Np.sr
all.P.85.-5.40.5.stn.1.Np.sr
egf 920970
all.S.85.-5.40.5.stn.0.Np.sr
all.P.85.-5.40.5.stn.1.Np.sr
master 10087356
egf 10955349
all.S.85.-5.40.5.stn.3.Np.sr
all.P.85.-5.40.5.stn.4.Np.sr
egf 10937989
all.S.85.-5.40.5.stn.2.Np.sr
all.P.85.-5.40.5.stn.5.Np.sr
egf 10486346
all.S.85.-5.40.5.stn.3.Np.sr
all.P.85.-5.40.5.stn.6.Np.sr
egf 5075423
all.S.85.-5.40.5.stn.4.Np.sr
all.P.85.-5.40.5.stn.17.Np.sr
egf 4810015
all.S.85.-5.40.5.stn.1.Np.sr
all.P.85.-5.40.5.stn.6.Np.sr
egf 8741773
all.S.85.-5.40.5.stn.5.Np.sr
all.P.85.-5.40.5.stn.12.Np.sr
egf 2873047
all.S.85.-5.40.5.stn.0.Np.sr
all.P.85.-5.40.5.stn.3.Np.sr
egf 2368935
all.S.85.-5.40.5.stn.0.Np.sr
all.P.85.-5.40.5.stn.2.Np.sr
egf 2321782
all.S.85.-5.40.5.stn.0.Np.sr
all.P.85.-5.40.5.stn.5.Np.sr
egf 2336312
all.S.85.-5.40.5.stn.1.Np.sr
all.P.85.-5.40.5.stn.4.Np.sr
egf 2211042
all.S.85.-5.40.5.stn.1.Np.sr
all.P.85.-5.40.5.stn.15.Np.sr
egf 2188298
all.S.85.-5.40.5.stn.1.Np.sr
all.P.85.-5.40.5.stn.6.Np.sr
egf 1822889
all.S.85.-5.40.5.stn.1.Np.sr
all.P.85.-5.40.5.stn.2.Np.sr
egf 1449568
all.S.85.-5.40.5.stn.0.Np.sr
all.P.85.-5.40.5.stn.0.Np.sr
egf 1410908
all.S.85.-5.40.5.stn.0.Np.sr
all.P.85.-5.40.5.stn.4.Np.sr
egf 874872
all.S.85.-5.40.5.stn.0.Np.sr
all.P.85.-5.40.5.stn.0.Np.sr
master 10003583
egf 2840269
all.S.85.-5.40.5.stn.19.Np.sr
all.P.85.-5.40.5.stn.69.Np.sr
egf 2670642
all.S.85.-5.40.5.stn.0.Np.sr
all.P.85.-5.40.5.stn.3.Np.sr
master 10001810
egf 4372924
all.S.85.-5.40.5.stn.6.Np.sr
all.P.85.-5.40.5.stn.15.Np.sr
master 9953968
egf 10801956
all.S.85.-5.40.5.stn.41.Np.sr
all.P.85.-5.40.5.stn.84.Np.sr
egf 5160144
all.S.85.-5.40.5.stn.20.Np.sr
all.P.85.-5.40.5.stn.65.Np.sr
egf 4816763
all.S.85.-5.40.5.stn.64.Np.sr
all.P.85.-5.40.5.stn.180.Np.sr
egf 4598941
all.S.85.-5.40.5.stn.19.Np.sr
all.P.85.-5.40.5.stn.85.Np.sr
egf 9395055
all.S.85.-5.40.5.stn.35.Np.sr
all.P.85.-5.40.5.stn.125.Np.sr
egf 3277780
all.S.85.-5.40.5.stn.45.Np.sr
all.P.85.-5.40.5.stn.68.Np.sr
egf 3277775
all.S.85.-5.40.5.stn.40.Np.sr
all.P.85.-5.40.5.stn.164.Np.sr
egf 2877199
all.S.85.-5.40.5.stn.49.Np.sr
all.P.85.-5.40.5.stn.154.Np.sr
egf 2876716
all.S.85.-5.40.5.stn.52.Np.sr
all.P.85.-5.40.5.stn.168.Np.sr
egf 2839291
all.S.85.-5.40.5.stn.49.Np.sr
all.P.85.-5.40.5.stn.126.Np.sr
egf 2839155
all.S.85.-5.40.5.stn.41.Np.sr
all.P.85.-5.40.5.stn.153.Np.sr
egf 2435670
all.S.85.-5.40.5.stn.10.Np.sr
all.P.85.-5.40.5.stn.21.Np.sr
egf 2048881
all.S.85.-5.40.5.stn.5.Np.sr
all.P.85.-5.40.5.stn.33.Np.sr
egf 1542753
all.S.85.-5.40.5.stn.7.Np.sr
all.P.85.-5.40.5.stn.45.Np.sr
egf 1489985
all.S.85.-5.40.5.stn.2.Np.sr
all.P.85.-5.40.5.stn.6.Np.sr
egf 1443426
all.S.85.-5.40.5.stn.2.Np.sr
all.P.85.-5.40.5.stn.24.Np.sr
egf 1179530
all.S.85.-5.40.5.stn.1.Np.sr
all.P.85.-5.40.5.stn.22.Np.sr
Error - curve_fit failed
master 9951393
egf 10907822
all.S.85.-5.40.5.stn.7.Np.sr
all.P.85.-5.40.5.stn.36.Np.sr
egf 10764702
all.S.85.-5.40.5.stn.3.Np.sr
all.P.85.-5.40.5.stn.11.Np.sr
egf 3319468
all.S.85.-5.40.5.stn.7.Np.sr
all.P.85.-5.40.5.stn.32.Np.sr
egf 3318218
all.S.85.-5.40.5.stn.2.Np.sr
all.P.85.-5.40.5.stn.11.Np.sr
egf 2879536
all.S.85.-5.40.5.stn.1.Np.sr
all.P.85.-5.40.5.stn.24.Np.sr
egf 2844260
all.S.85.-5.40.5.stn.1.Np.sr
all.P.85.-5.40.5.stn.8.Np.sr
egf 2872637
all.S.85.-5.40.5.stn.2.Np.sr
all.P.85.-5.40.5.stn.9.Np.sr
egf 2862575
all.S.85.-5.40.5.stn.1.Np.sr
all.P.85.-5.40.5.stn.9.Np.sr
egf 2257090
all.S.85.-5.40.5.stn.1.Np.sr
all.P.85.-5.40.5.stn.22.Np.sr
egf 2166585
all.S.85.-5.40.5.stn.0.Np.sr
all.P.85.-5.40.5.stn.3.Np.sr
egf 2003855
all.S.85.-5.40.5.stn.1.Np.sr
all.P.85.-5.40.5.stn.12.Np.sr
egf 1764785
all.S.85.-5.40.5.stn.0.Np.sr
all.P.85.-5.40.5.stn.2.Np.sr
egf 1846186
all.S.85.-5.40.5.stn.0.Np.sr
all.P.85.-5.40.5.stn.9.Np.sr
egf 1681115
all.S.85.-5.40.5.stn.0.Np.sr
all.P.85.-5.40.5.stn.4.Np.sr
egf 1432914
all.S.85.-5.40.5.stn.0.Np.sr
all.P.85.-5.40.5.stn.12.Np.sr
egf 1133121
all.S.85.-5.40.5.stn.0.Np.sr
all.P.85.-5.40.5.stn.4.Np.sr
egf 947908
all.S.85.-5.40.5.stn.0.Np.sr
all.P.85.-5.40.5.stn.0.Np.sr
master 5199736
egf 1494933
all.S.85.-5.40.5.stn.1.Np.sr
all.P.85.-5.40.5.stn.5.Np.sr
egf 976008
all.S.85.-5.40.5.stn.1.Np.sr
all.P.85.-5.40.5.stn.8.Np.sr
master 5195705
egf 3289354
all.S.85.-5.40.5.stn.11.Np.sr
all.P.85.-5.40.5.stn.61.Np.sr
master 9376197
egf 5197496
all.S.85.-5.40.5.stn.6.Np.sr
all.P.85.-5.40.5.stn.6.Np.sr
egf 5149842
all.S.85.-5.40.5.stn.81.Np.sr
all.P.85.-5.40.5.stn.201.Np.sr
egf 4819551
all.S.85.-5.40.5.stn.50.Np.sr
all.P.85.-5.40.5.stn.165.Np.sr
egf 3318415
all.S.85.-5.40.5.stn.63.Np.sr
all.P.85.-5.40.5.stn.151.Np.sr
egf 3286124
all.S.85.-5.40.5.stn.6.Np.sr
all.P.85.-5.40.5.stn.16.Np.sr
egf 2874365
all.S.85.-5.40.5.stn.18.Np.sr
all.P.85.-5.40.5.stn.12.Np.sr
egf 2872982
all.S.85.-5.40.5.stn.0.Np.sr
all.P.85.-5.40.5.stn.32.Np.sr
egf 2868527
all.S.85.-5.40.5.stn.7.Np.sr
all.P.85.-5.40.5.stn.24.Np.sr
egf 2619813
all.S.85.-5.40.5.stn.7.Np.sr
all.P.85.-5.40.5.stn.29.Np.sr
egf 2632619
all.S.85.-5.40.5.stn.5.Np.sr
all.P.85.-5.40.5.stn.21.Np.sr
egf 2451103
all.S.85.-5.40.5.stn.3.Np.sr
all.P.85.-5.40.5.stn.24.Np.sr
egf 2476415
all.S.85.-5.40.5.stn.1.Np.sr
all.P.85.-5.40.5.stn.20.Np.sr
egf 2355119
all.S.85.-5.40.5.stn.5.Np.sr
all.P.85.-5.40.5.stn.15.Np.sr
egf 2346469
all.S.85.-5.40.5.stn.0.Np.sr
all.P.85.-5.40.5.stn.1.Np.sr
egf 2292909
all.S.85.-5.40.5.stn.8.Np.sr
all.P.85.-5.40.5.stn.15.Np.sr
egf 1907367
all.S.85.-5.40.5.stn.2.Np.sr
all.P.85.-5.40.5.stn.11.Np.sr
egf 1688838
all.S.85.-5.40.5.stn.0.Np.sr
all.P.85.-5.40.5.stn.0.Np.sr
egf 1593746
all.S.85.-5.40.5.stn.0.Np.sr
all.P.85.-5.40.5.stn.21.Np.sr
egf 1494457
all.S.85.-5.40.5.stn.0.Np.sr
all.P.85.-5.40.5.stn.1.Np.sr
egf 1449061
all.S.85.-5.40.5.stn.8.Np.sr
all.P.85.-5.40.5.stn.46.Np.sr
egf 1439449
all.S.85.-5.40.5.stn.8.Np.sr
all.P.85.-5.40.5.stn.45.Np.sr
egf 1406641
all.S.85.-5.40.5.stn.0.Np.sr
all.P.85.-5.40.5.stn.1.Np.sr
master 5191265
egf 976008
all.S.85.-5.40.5.stn.1.Np.sr
all.P.85.-5.40.5.stn.7.Np.sr
master 5183873
egf 10949287
all.S.85.-5.40.5.stn.0.Np.sr
all.P.85.-5.40.5.stn.2.Np.sr
egf 10683512
all.S.85.-5.40.5.stn.7.Np.sr
all.P.85.-5.40.5.stn.48.Np.sr
egf 10642106
all.S.85.-5.40.5.stn.2.Np.sr
all.P.85.-5.40.5.stn.3.Np.sr
egf 10641734
all.S.85.-5.40.5.stn.19.Np.sr
all.P.85.-5.40.5.stn.23.Np.sr
egf 5197496
all.S.85.-5.40.5.stn.6.Np.sr
all.P.85.-5.40.5.stn.10.Np.sr
egf 8350539
all.S.85.-5.40.5.stn.27.Np.sr
all.P.85.-5.40.5.stn.79.Np.sr
egf 4370315
all.S.85.-5.40.5.stn.12.Np.sr
all.P.85.-5.40.5.stn.27.Np.sr
egf 8847907
all.S.85.-5.40.5.stn.3.Np.sr
all.P.85.-5.40.5.stn.81.Np.sr
egf 8794268
all.S.85.-5.40.5.stn.43.Np.sr
all.P.85.-5.40.5.stn.95.Np.sr
egf 8776698
all.S.85.-5.40.5.stn.3.Np.sr
all.P.85.-5.40.5.stn.15.Np.sr
egf 8774227
all.S.85.-5.40.5.stn.15.Np.sr
all.P.85.-5.40.5.stn.83.Np.sr
egf 3318415
all.S.85.-5.40.5.stn.53.Np.sr
all.P.85.-5.40.5.stn.110.Np.sr
egf 3286124
all.S.85.-5.40.5.stn.4.Np.sr
all.P.85.-5.40.5.stn.12.Np.sr
egf 2840898
all.S.85.-5.40.5.stn.5.Np.sr
all.P.85.-5.40.5.stn.25.Np.sr
egf 2868527
all.S.85.-5.40.5.stn.4.Np.sr
all.P.85.-5.40.5.stn.17.Np.sr
egf 2861950
all.S.85.-5.40.5.stn.3.Np.sr
all.P.85.-5.40.5.stn.1.Np.sr
egf 2717220
all.S.85.-5.40.5.stn.0.Np.sr
all.P.85.-5.40.5.stn.2.Np.sr
egf 2632619
all.S.85.-5.40.5.stn.5.Np.sr
all.P.85.-5.40.5.stn.14.Np.sr
egf 2429456
all.S.85.-5.40.5.stn.0.Np.sr
all.P.85.-5.40.5.stn.46.Np.sr
egf 2451103
all.S.85.-5.40.5.stn.2.Np.sr
all.P.85.-5.40.5.stn.18.Np.sr
egf 2355119
all.S.85.-5.40.5.stn.5.Np.sr
all.P.85.-5.40.5.stn.11.Np.sr
egf 2346469
all.S.85.-5.40.5.stn.0.Np.sr
all.P.85.-5.40.5.stn.1.Np.sr
egf 2019856
all.S.85.-5.40.5.stn.0.Np.sr
all.P.85.-5.40.5.stn.8.Np.sr
egf 1907367
all.S.85.-5.40.5.stn.1.Np.sr
all.P.85.-5.40.5.stn.9.Np.sr
egf 1860822
all.S.85.-5.40.5.stn.1.Np.sr
all.P.85.-5.40.5.stn.7.Np.sr
egf 1711457
all.S.85.-5.40.5.stn.1.Np.sr
all.P.85.-5.40.5.stn.0.Np.sr
egf 1705277
all.S.85.-5.40.5.stn.1.Np.sr
all.P.85.-5.40.5.stn.1.Np.sr
egf 1604731
all.S.85.-5.40.5.stn.0.Np.sr
all.P.85.-5.40.5.stn.1.Np.sr
egf 1560547
all.S.85.-5.40.5.stn.0.Np.sr
all.P.85.-5.40.5.stn.4.Np.sr
egf 1494457
all.S.85.-5.40.5.stn.0.Np.sr
all.P.85.-5.40.5.stn.1.Np.sr
egf 1406641
all.S.85.-5.40.5.stn.0.Np.sr
all.P.85.-5.40.5.stn.0.Np.sr
egf 1398761
all.S.85.-5.40.5.stn.0.Np.sr
all.P.85.-5.40.5.stn.3.Np.sr
egf 1293963
all.S.85.-5.40.5.stn.0.Np.sr
all.P.85.-5.40.5.stn.10.Np.sr
egf 1235408
all.S.85.-5.40.5.stn.0.Np.sr
all.P.85.-5.40.5.stn.7.Np.sr
egf 1103281
all.S.85.-5.40.5.stn.0.Np.sr
all.P.85.-5.40.5.stn.6.Np.sr
egf 1046189
all.S.85.-5.40.5.stn.0.Np.sr
all.P.85.-5.40.5.stn.1.Np.sr
Error - curve_fit failed
egf 1014940
all.S.85.-5.40.5.stn.0.Np.sr
all.P.85.-5.40.5.stn.2.Np.sr
master 5171122
egf 4372924
all.S.85.-5.40.5.stn.5.Np.sr
all.P.85.-5.40.5.stn.10.Np.sr
master 5166221
egf 10939656
all.S.85.-5.40.5.stn.170.Np.sr
all.P.85.-5.40.5.stn.398.Np.sr
egf 9946953
all.S.85.-5.40.5.stn.155.Np.sr
all.P.85.-5.40.5.stn.346.Np.sr
egf 5166386
all.S.85.-5.40.5.stn.287.Np.sr
all.P.85.-5.40.5.stn.660.Np.sr
egf 2850834
all.S.85.-5.40.5.stn.52.Np.sr
all.P.85.-5.40.5.stn.184.Np.sr
egf 2865167
all.S.85.-5.40.5.stn.2.Np.sr
all.P.85.-5.40.5.stn.22.Np.sr
egf 2609353
all.S.85.-5.40.5.stn.19.Np.sr
all.P.85.-5.40.5.stn.48.Np.sr
egf 1576919
all.S.85.-5.40.5.stn.9.Np.sr
all.P.85.-5.40.5.stn.55.Np.sr
egf 1573338
all.S.85.-5.40.5.stn.4.Np.sr
all.P.85.-5.40.5.stn.48.Np.sr
egf 1432102
all.S.85.-5.40.5.stn.6.Np.sr
all.P.85.-5.40.5.stn.56.Np.sr
master 5166216
egf 10939656
all.S.85.-5.40.5.stn.141.Np.sr
all.P.85.-5.40.5.stn.484.Np.sr
egf 9946953
all.S.85.-5.40.5.stn.167.Np.sr
all.P.85.-5.40.5.stn.416.Np.sr
egf 5166386
all.S.85.-5.40.5.stn.244.Np.sr
all.P.85.-5.40.5.stn.770.Np.sr
egf 2850834
all.S.85.-5.40.5.stn.71.Np.sr
all.P.85.-5.40.5.stn.215.Np.sr
egf 2865167
all.S.85.-5.40.5.stn.2.Np.sr
all.P.85.-5.40.5.stn.23.Np.sr
Error - curve_fit failed
egf 2609353
all.S.85.-5.40.5.stn.37.Np.sr
all.P.85.-5.40.5.stn.61.Np.sr
egf 1573338
all.S.85.-5.40.5.stn.4.Np.sr
all.P.85.-5.40.5.stn.56.Np.sr
egf 1432102
all.S.85.-5.40.5.stn.21.Np.sr
all.P.85.-5.40.5.stn.67.Np.sr
master 5157946
egf 10764702
all.S.85.-5.40.5.stn.2.Np.sr
all.P.85.-5.40.5.stn.6.Np.sr
egf 10603718
all.S.85.-5.40.5.stn.0.Np.sr
all.P.85.-5.40.5.stn.12.Np.sr
egf 3318218
all.S.85.-5.40.5.stn.2.Np.sr
all.P.85.-5.40.5.stn.5.Np.sr
egf 2869700
all.S.85.-5.40.5.stn.0.Np.sr
all.P.85.-5.40.5.stn.10.Np.sr
egf 1996223
all.S.85.-5.40.5.stn.1.Np.sr
all.P.85.-5.40.5.stn.3.Np.sr
egf 920970
all.S.85.-5.40.5.stn.0.Np.sr
all.P.85.-5.40.5.stn.1.Np.sr
master 5149896
egf 10942801
all.S.85.-5.40.5.stn.61.Np.sr
all.P.85.-5.40.5.stn.170.Np.sr
egf 5198598
all.S.85.-5.40.5.stn.20.Np.sr
all.P.85.-5.40.5.stn.159.Np.sr
egf 3340348
all.S.85.-5.40.5.stn.46.Np.sr
all.P.85.-5.40.5.stn.165.Np.sr
egf 3335289
all.S.85.-5.40.5.stn.9.Np.sr
all.P.85.-5.40.5.stn.75.Np.sr
egf 2798769
all.S.85.-5.40.5.stn.10.Np.sr
all.P.85.-5.40.5.stn.50.Np.sr
egf 1293514
all.S.85.-5.40.5.stn.9.Np.sr
all.P.85.-5.40.5.stn.42.Np.sr
egf 898880
all.S.85.-5.40.5.stn.2.Np.sr
all.P.85.-5.40.5.stn.20.Np.sr
master 5149842
egf 10949287
all.S.85.-5.40.5.stn.0.Np.sr
all.P.85.-5.40.5.stn.4.Np.sr
egf 3286124
all.S.85.-5.40.5.stn.4.Np.sr
all.P.85.-5.40.5.stn.10.Np.sr
egf 1688838
all.S.85.-5.40.5.stn.0.Np.sr
all.P.85.-5.40.5.stn.1.Np.sr
egf 1560547
all.S.85.-5.40.5.stn.0.Np.sr
all.P.85.-5.40.5.stn.7.Np.sr
egf 1406641
all.S.85.-5.40.5.stn.0.Np.sr
all.P.85.-5.40.5.stn.1.Np.sr
master 5148725
egf 10942801
all.S.85.-5.40.5.stn.53.Np.sr
all.P.85.-5.40.5.stn.165.Np.sr
egf 10401792
all.S.85.-5.40.5.stn.112.Np.sr
all.P.85.-5.40.5.stn.289.Np.sr
egf 5198598
all.S.85.-5.40.5.stn.15.Np.sr
all.P.85.-5.40.5.stn.162.Np.sr
egf 5149896
all.S.85.-5.40.5.stn.275.Np.sr
all.P.85.-5.40.5.stn.471.Np.sr
egf 4723542
all.S.85.-5.40.5.stn.76.Np.sr
all.P.85.-5.40.5.stn.397.Np.sr
egf 3340348
all.S.85.-5.40.5.stn.50.Np.sr
all.P.85.-5.40.5.stn.165.Np.sr
egf 3337924
all.S.85.-5.40.5.stn.7.Np.sr
all.P.85.-5.40.5.stn.92.Np.sr
egf 3335289
all.S.85.-5.40.5.stn.5.Np.sr
all.P.85.-5.40.5.stn.83.Np.sr
egf 3323209
all.S.85.-5.40.5.stn.18.Np.sr
all.P.85.-5.40.5.stn.68.Np.sr
egf 3275804
all.S.85.-5.40.5.stn.121.Np.sr
all.P.85.-5.40.5.stn.296.Np.sr
egf 3202775
all.S.85.-5.40.5.stn.106.Np.sr
all.P.85.-5.40.5.stn.275.Np.sr
egf 2798769
all.S.85.-5.40.5.stn.11.Np.sr
all.P.85.-5.40.5.stn.55.Np.sr
egf 1293514
all.S.85.-5.40.5.stn.11.Np.sr
all.P.85.-5.40.5.stn.45.Np.sr
egf 898880
all.S.85.-5.40.5.stn.1.Np.sr
all.P.85.-5.40.5.stn.22.Np.sr
master 5112137
egf 10949287
all.S.85.-5.40.5.stn.0.Np.sr
all.P.85.-5.40.5.stn.6.Np.sr
egf 10642106
all.S.85.-5.40.5.stn.2.Np.sr
all.P.85.-5.40.5.stn.2.Np.sr
egf 10641734
all.S.85.-5.40.5.stn.12.Np.sr
all.P.85.-5.40.5.stn.26.Np.sr
egf 5197496
all.S.85.-5.40.5.stn.5.Np.sr
all.P.85.-5.40.5.stn.8.Np.sr
egf 8776698
all.S.85.-5.40.5.stn.2.Np.sr
all.P.85.-5.40.5.stn.17.Np.sr
egf 3286124
all.S.85.-5.40.5.stn.1.Np.sr
all.P.85.-5.40.5.stn.11.Np.sr
egf 2864167
all.S.85.-5.40.5.stn.0.Np.sr
all.P.85.-5.40.5.stn.7.Np.sr
egf 2717220
all.S.85.-5.40.5.stn.0.Np.sr
all.P.85.-5.40.5.stn.3.Np.sr
egf 2450667
all.S.85.-5.40.5.stn.1.Np.sr
all.P.85.-5.40.5.stn.1.Np.sr
egf 2019856
all.S.85.-5.40.5.stn.0.Np.sr
all.P.85.-5.40.5.stn.11.Np.sr
egf 1711457
all.S.85.-5.40.5.stn.1.Np.sr
all.P.85.-5.40.5.stn.1.Np.sr
egf 1705277
all.S.85.-5.40.5.stn.1.Np.sr
all.P.85.-5.40.5.stn.2.Np.sr
egf 1604731
all.S.85.-5.40.5.stn.0.Np.sr
all.P.85.-5.40.5.stn.2.Np.sr
egf 1560547
all.S.85.-5.40.5.stn.0.Np.sr
all.P.85.-5.40.5.stn.7.Np.sr
egf 1494457
all.S.85.-5.40.5.stn.0.Np.sr
all.P.85.-5.40.5.stn.1.Np.sr
egf 1406641
all.S.85.-5.40.5.stn.0.Np.sr
all.P.85.-5.40.5.stn.1.Np.sr
egf 1398761
all.S.85.-5.40.5.stn.0.Np.sr
all.P.85.-5.40.5.stn.3.Np.sr
egf 1235408
all.S.85.-5.40.5.stn.0.Np.sr
all.P.85.-5.40.5.stn.8.Np.sr
egf 1103281
all.S.85.-5.40.5.stn.0.Np.sr
all.P.85.-5.40.5.stn.7.Np.sr
egf 1014940
all.S.85.-5.40.5.stn.0.Np.sr
all.P.85.-5.40.5.stn.3.Np.sr
master 5007016
egf 10936816
all.S.85.-5.40.5.stn.33.Np.sr
all.P.85.-5.40.5.stn.181.Np.sr
egf 10923774
all.S.85.-5.40.5.stn.40.Np.sr
all.P.85.-5.40.5.stn.103.Np.sr
egf 10764045
all.S.85.-5.40.5.stn.11.Np.sr
all.P.85.-5.40.5.stn.37.Np.sr
egf 5199736
all.S.85.-5.40.5.stn.50.Np.sr
all.P.85.-5.40.5.stn.192.Np.sr
egf 5191265
all.S.85.-5.40.5.stn.48.Np.sr
all.P.85.-5.40.5.stn.164.Np.sr
egf 9981639
all.S.85.-5.40.5.stn.9.Np.sr
all.P.85.-5.40.5.stn.53.Np.sr
egf 4309836
all.S.85.-5.40.5.stn.60.Np.sr
all.P.85.-5.40.5.stn.154.Np.sr
egf 2868263
all.S.85.-5.40.5.stn.2.Np.sr
all.P.85.-5.40.5.stn.55.Np.sr
egf 2313099
all.S.85.-5.40.5.stn.16.Np.sr
all.P.85.-5.40.5.stn.84.Np.sr
egf 1616727
all.S.85.-5.40.5.stn.1.Np.sr
all.P.85.-5.40.5.stn.26.Np.sr
egf 1494933
all.S.85.-5.40.5.stn.1.Np.sr
all.P.85.-5.40.5.stn.6.Np.sr
egf 1437247
all.S.85.-5.40.5.stn.2.Np.sr
all.P.85.-5.40.5.stn.9.Np.sr
egf 984711
all.S.85.-5.40.5.stn.4.Np.sr
all.P.85.-5.40.5.stn.37.Np.sr
egf 976008
all.S.85.-5.40.5.stn.1.Np.sr
all.P.85.-5.40.5.stn.9.Np.sr
master 5003507
egf 10949287
all.S.85.-5.40.5.stn.0.Np.sr
all.P.85.-5.40.5.stn.7.Np.sr
egf 10683512
all.S.85.-5.40.5.stn.9.Np.sr
all.P.85.-5.40.5.stn.52.Np.sr
Error - curve_fit failed
egf 5197496
all.S.85.-5.40.5.stn.6.Np.sr
all.P.85.-5.40.5.stn.11.Np.sr
egf 8847907
all.S.85.-5.40.5.stn.5.Np.sr
all.P.85.-5.40.5.stn.113.Np.sr
egf 2868527
all.S.85.-5.40.5.stn.4.Np.sr
all.P.85.-5.40.5.stn.24.Np.sr
egf 2632619
all.S.85.-5.40.5.stn.4.Np.sr
all.P.85.-5.40.5.stn.18.Np.sr
egf 2429456
all.S.85.-5.40.5.stn.2.Np.sr
all.P.85.-5.40.5.stn.56.Np.sr
egf 1406641
all.S.85.-5.40.5.stn.0.Np.sr
all.P.85.-5.40.5.stn.0.Np.sr
master 4819551
egf 10949287
all.S.85.-5.40.5.stn.0.Np.sr
all.P.85.-5.40.5.stn.7.Np.sr
egf 10642106
all.S.85.-5.40.5.stn.4.Np.sr
all.P.85.-5.40.5.stn.5.Np.sr
egf 3286124
all.S.85.-5.40.5.stn.4.Np.sr
all.P.85.-5.40.5.stn.16.Np.sr
egf 2717220
all.S.85.-5.40.5.stn.0.Np.sr
all.P.85.-5.40.5.stn.3.Np.sr
egf 2019856
all.S.85.-5.40.5.stn.0.Np.sr
all.P.85.-5.40.5.stn.10.Np.sr
Error - curve_fit failed
egf 1688838
all.S.85.-5.40.5.stn.0.Np.sr
all.P.85.-5.40.5.stn.0.Np.sr
egf 1560547
all.S.85.-5.40.5.stn.0.Np.sr
all.P.85.-5.40.5.stn.4.Np.sr
egf 1406641
all.S.85.-5.40.5.stn.0.Np.sr
all.P.85.-5.40.5.stn.1.Np.sr
egf 1398761
all.S.85.-5.40.5.stn.0.Np.sr
all.P.85.-5.40.5.stn.3.Np.sr
egf 1103281
all.S.85.-5.40.5.stn.0.Np.sr
all.P.85.-5.40.5.stn.3.Np.sr
master 4813335
egf 10974984
all.S.85.-5.40.5.stn.0.Np.sr
all.P.85.-5.40.5.stn.0.Np.sr
egf 10974966
all.S.85.-5.40.5.stn.1.Np.sr
all.P.85.-5.40.5.stn.46.Np.sr
egf 10955349
all.S.85.-5.40.5.stn.1.Np.sr
all.P.85.-5.40.5.stn.5.Np.sr
egf 10952079
all.S.85.-5.40.5.stn.17.Np.sr
all.P.85.-5.40.5.stn.59.Np.sr
egf 10949287
all.S.85.-5.40.5.stn.1.Np.sr
all.P.85.-5.40.5.stn.8.Np.sr
egf 10944714
all.S.85.-5.40.5.stn.4.Np.sr
all.P.85.-5.40.5.stn.102.Np.sr
egf 10941184
all.S.85.-5.40.5.stn.9.Np.sr
all.P.85.-5.40.5.stn.49.Np.sr
egf 10937989
all.S.85.-5.40.5.stn.2.Np.sr
all.P.85.-5.40.5.stn.5.Np.sr
egf 10767119
all.S.85.-5.40.5.stn.23.Np.sr
all.P.85.-5.40.5.stn.95.Np.sr
egf 10724451
all.S.85.-5.40.5.stn.22.Np.sr
all.P.85.-5.40.5.stn.91.Np.sr
egf 10683512
all.S.85.-5.40.5.stn.12.Np.sr
all.P.85.-5.40.5.stn.62.Np.sr
egf 10642106
all.S.85.-5.40.5.stn.1.Np.sr
all.P.85.-5.40.5.stn.8.Np.sr
egf 10641734
all.S.85.-5.40.5.stn.19.Np.sr
all.P.85.-5.40.5.stn.42.Np.sr
egf 10641454
all.S.85.-5.40.5.stn.20.Np.sr
all.P.85.-5.40.5.stn.202.Np.sr
egf 10605462
all.S.85.-5.40.5.stn.15.Np.sr
all.P.85.-5.40.5.stn.40.Np.sr
egf 10486346
all.S.85.-5.40.5.stn.5.Np.sr
all.P.85.-5.40.5.stn.12.Np.sr
egf 10452819
all.S.85.-5.40.5.stn.11.Np.sr
all.P.85.-5.40.5.stn.137.Np.sr
egf 10452239
all.S.85.-5.40.5.stn.6.Np.sr
all.P.85.-5.40.5.stn.64.Np.sr
egf 10394345
all.S.85.-5.40.5.stn.175.Np.sr
all.P.85.-5.40.5.stn.294.Np.sr
egf 10087356
all.S.85.-5.40.5.stn.45.Np.sr
all.P.85.-5.40.5.stn.134.Np.sr
egf 10049656
all.S.85.-5.40.5.stn.23.Np.sr
all.P.85.-5.40.5.stn.14.Np.sr
egf 10003813
all.S.85.-5.40.5.stn.26.Np.sr
all.P.85.-5.40.5.stn.196.Np.sr
egf 5197496
all.S.85.-5.40.5.stn.4.Np.sr
all.P.85.-5.40.5.stn.19.Np.sr
egf 5183873
all.S.85.-5.40.5.stn.182.Np.sr
all.P.85.-5.40.5.stn.174.Np.sr
egf 5167348
all.S.85.-5.40.5.stn.2.Np.sr
all.P.85.-5.40.5.stn.44.Np.sr
egf 5152978
all.S.85.-5.40.5.stn.15.Np.sr
all.P.85.-5.40.5.stn.225.Np.sr
egf 5149842
all.S.85.-5.40.5.stn.94.Np.sr
all.P.85.-5.40.5.stn.282.Np.sr
egf 5149577
all.S.85.-5.40.5.stn.62.Np.sr
all.P.85.-5.40.5.stn.296.Np.sr
egf 5112137
all.S.85.-5.40.5.stn.87.Np.sr
all.P.85.-5.40.5.stn.296.Np.sr
egf 5109197
all.S.85.-5.40.5.stn.27.Np.sr
all.P.85.-5.40.5.stn.320.Np.sr
egf 5075423
all.S.85.-5.40.5.stn.8.Np.sr
all.P.85.-5.40.5.stn.54.Np.sr
egf 5003507
all.S.85.-5.40.5.stn.105.Np.sr
all.P.85.-5.40.5.stn.307.Np.sr
egf 4819551
all.S.85.-5.40.5.stn.53.Np.sr
all.P.85.-5.40.5.stn.272.Np.sr
egf 4810015
all.S.85.-5.40.5.stn.1.Np.sr
all.P.85.-5.40.5.stn.13.Np.sr
egf 8350539
all.S.85.-5.40.5.stn.29.Np.sr
all.P.85.-5.40.5.stn.144.Np.sr
egf 4370315
all.S.85.-5.40.5.stn.22.Np.sr
all.P.85.-5.40.5.stn.57.Np.sr
egf 9193194
all.S.85.-5.40.5.stn.4.Np.sr
all.P.85.-5.40.5.stn.142.Np.sr
egf 8847907
all.S.85.-5.40.5.stn.7.Np.sr
all.P.85.-5.40.5.stn.118.Np.sr
egf 8794268
all.S.85.-5.40.5.stn.45.Np.sr
all.P.85.-5.40.5.stn.137.Np.sr
egf 8776698
all.S.85.-5.40.5.stn.0.Np.sr
all.P.85.-5.40.5.stn.18.Np.sr
egf 8774227
all.S.85.-5.40.5.stn.15.Np.sr
all.P.85.-5.40.5.stn.132.Np.sr
egf 8741773
all.S.85.-5.40.5.stn.4.Np.sr
all.P.85.-5.40.5.stn.20.Np.sr
egf 3334228
all.S.85.-5.40.5.stn.15.Np.sr
all.P.85.-5.40.5.stn.145.Np.sr
egf 3324521
all.S.85.-5.40.5.stn.24.Np.sr
all.P.85.-5.40.5.stn.133.Np.sr
egf 3318415
all.S.85.-5.40.5.stn.67.Np.sr
all.P.85.-5.40.5.stn.165.Np.sr
egf 3286124
all.S.85.-5.40.5.stn.5.Np.sr
all.P.85.-5.40.5.stn.16.Np.sr
egf 3282428
all.S.85.-5.40.5.stn.2.Np.sr
all.P.85.-5.40.5.stn.45.Np.sr
egf 3282255
all.S.85.-5.40.5.stn.68.Np.sr
all.P.85.-5.40.5.stn.172.Np.sr
egf 2878496
all.S.85.-5.40.5.stn.68.Np.sr
all.P.85.-5.40.5.stn.118.Np.sr
egf 2874365
all.S.85.-5.40.5.stn.22.Np.sr
all.P.85.-5.40.5.stn.16.Np.sr
egf 2841270
all.S.85.-5.40.5.stn.55.Np.sr
all.P.85.-5.40.5.stn.168.Np.sr
egf 2840898
all.S.85.-5.40.5.stn.13.Np.sr
all.P.85.-5.40.5.stn.43.Np.sr
egf 2872982
all.S.85.-5.40.5.stn.0.Np.sr
all.P.85.-5.40.5.stn.34.Np.sr
egf 2868527
all.S.85.-5.40.5.stn.6.Np.sr
all.P.85.-5.40.5.stn.42.Np.sr
egf 2866206
all.S.85.-5.40.5.stn.6.Np.sr
all.P.85.-5.40.5.stn.21.Np.sr
egf 2865073
all.S.85.-5.40.5.stn.5.Np.sr
all.P.85.-5.40.5.stn.49.Np.sr
egf 2865034
all.S.85.-5.40.5.stn.7.Np.sr
all.P.85.-5.40.5.stn.58.Np.sr
egf 2864942
all.S.85.-5.40.5.stn.0.Np.sr
all.P.85.-5.40.5.stn.22.Np.sr
egf 2864167
all.S.85.-5.40.5.stn.2.Np.sr
all.P.85.-5.40.5.stn.8.Np.sr
egf 2862473
all.S.85.-5.40.5.stn.11.Np.sr
all.P.85.-5.40.5.stn.58.Np.sr
egf 2861950
all.S.85.-5.40.5.stn.3.Np.sr
all.P.85.-5.40.5.stn.7.Np.sr
egf 2728435
all.S.85.-5.40.5.stn.43.Np.sr
all.P.85.-5.40.5.stn.139.Np.sr
egf 2647592
all.S.85.-5.40.5.stn.11.Np.sr
all.P.85.-5.40.5.stn.62.Np.sr
egf 2717220
all.S.85.-5.40.5.stn.0.Np.sr
all.P.85.-5.40.5.stn.3.Np.sr
egf 2589246
all.S.85.-5.40.5.stn.56.Np.sr
all.P.85.-5.40.5.stn.136.Np.sr
egf 2619813
all.S.85.-5.40.5.stn.5.Np.sr
all.P.85.-5.40.5.stn.52.Np.sr
egf 2632619
all.S.85.-5.40.5.stn.4.Np.sr
all.P.85.-5.40.5.stn.19.Np.sr
egf 2452006
all.S.85.-5.40.5.stn.3.Np.sr
all.P.85.-5.40.5.stn.75.Np.sr
egf 2450667
all.S.85.-5.40.5.stn.0.Np.sr
all.P.85.-5.40.5.stn.1.Np.sr
egf 2429456
all.S.85.-5.40.5.stn.2.Np.sr
all.P.85.-5.40.5.stn.66.Np.sr
egf 2426242
all.S.85.-5.40.5.stn.0.Np.sr
all.P.85.-5.40.5.stn.10.Np.sr
egf 2425804
all.S.85.-5.40.5.stn.10.Np.sr
all.P.85.-5.40.5.stn.28.Np.sr
egf 2425674
all.S.85.-5.40.5.stn.34.Np.sr
all.P.85.-5.40.5.stn.114.Np.sr
egf 2451103
all.S.85.-5.40.5.stn.5.Np.sr
all.P.85.-5.40.5.stn.49.Np.sr
egf 2476415
all.S.85.-5.40.5.stn.3.Np.sr
all.P.85.-5.40.5.stn.41.Np.sr
egf 2429309
all.S.85.-5.40.5.stn.14.Np.sr
all.P.85.-5.40.5.stn.54.Np.sr
egf 2368935
all.S.85.-5.40.5.stn.0.Np.sr
all.P.85.-5.40.5.stn.21.Np.sr
egf 2321782
all.S.85.-5.40.5.stn.0.Np.sr
all.P.85.-5.40.5.stn.23.Np.sr
egf 2336312
all.S.85.-5.40.5.stn.0.Np.sr
all.P.85.-5.40.5.stn.12.Np.sr
egf 2372840
all.S.85.-5.40.5.stn.8.Np.sr
all.P.85.-5.40.5.stn.81.Np.sr
egf 2355119
all.S.85.-5.40.5.stn.4.Np.sr
all.P.85.-5.40.5.stn.13.Np.sr
egf 2346469
all.S.85.-5.40.5.stn.0.Np.sr
all.P.85.-5.40.5.stn.1.Np.sr
egf 2292909
all.S.85.-5.40.5.stn.6.Np.sr
all.P.85.-5.40.5.stn.34.Np.sr
egf 2216989
all.S.85.-5.40.5.stn.1.Np.sr
all.P.85.-5.40.5.stn.17.Np.sr
egf 2211042
all.S.85.-5.40.5.stn.0.Np.sr
all.P.85.-5.40.5.stn.20.Np.sr
egf 2210432
all.S.85.-5.40.5.stn.17.Np.sr
all.P.85.-5.40.5.stn.83.Np.sr
egf 2186449
all.S.85.-5.40.5.stn.43.Np.sr
all.P.85.-5.40.5.stn.53.Np.sr
egf 2308234
all.S.85.-5.40.5.stn.2.Np.sr
all.P.85.-5.40.5.stn.14.Np.sr
egf 2188298
all.S.85.-5.40.5.stn.0.Np.sr
all.P.85.-5.40.5.stn.8.Np.sr
egf 2019856
all.S.85.-5.40.5.stn.0.Np.sr
all.P.85.-5.40.5.stn.11.Np.sr
egf 2043373
all.S.85.-5.40.5.stn.0.Np.sr
all.P.85.-5.40.5.stn.10.Np.sr
egf 1907367
all.S.85.-5.40.5.stn.2.Np.sr
all.P.85.-5.40.5.stn.11.Np.sr
egf 1880712
all.S.85.-5.40.5.stn.3.Np.sr
all.P.85.-5.40.5.stn.14.Np.sr
egf 1794941
all.S.85.-5.40.5.stn.0.Np.sr
all.P.85.-5.40.5.stn.1.Np.sr
Error - curve_fit failed
egf 1860822
all.S.85.-5.40.5.stn.0.Np.sr
all.P.85.-5.40.5.stn.11.Np.sr
egf 1857221
all.S.85.-5.40.5.stn.57.Np.sr
all.P.85.-5.40.5.stn.86.Np.sr
egf 1822889
all.S.85.-5.40.5.stn.1.Np.sr
all.P.85.-5.40.5.stn.2.Np.sr
egf 1828292
all.S.85.-5.40.5.stn.1.Np.sr
all.P.85.-5.40.5.stn.60.Np.sr
egf 1711457
all.S.85.-5.40.5.stn.0.Np.sr
all.P.85.-5.40.5.stn.1.Np.sr
egf 1705277
all.S.85.-5.40.5.stn.0.Np.sr
all.P.85.-5.40.5.stn.2.Np.sr
egf 1719192
all.S.85.-5.40.5.stn.2.Np.sr
all.P.85.-5.40.5.stn.19.Np.sr
egf 1691670
all.S.85.-5.40.5.stn.0.Np.sr
all.P.85.-5.40.5.stn.2.Np.sr
egf 1604731
all.S.85.-5.40.5.stn.0.Np.sr
all.P.85.-5.40.5.stn.2.Np.sr
egf 1688838
all.S.85.-5.40.5.stn.0.Np.sr
all.P.85.-5.40.5.stn.1.Np.sr
egf 1660728
all.S.85.-5.40.5.stn.2.Np.sr
all.P.85.-5.40.5.stn.54.Np.sr
egf 1648780
all.S.85.-5.40.5.stn.0.Np.sr
all.P.85.-5.40.5.stn.7.Np.sr
egf 1593746
all.S.85.-5.40.5.stn.0.Np.sr
all.P.85.-5.40.5.stn.19.Np.sr
egf 1560547
all.S.85.-5.40.5.stn.0.Np.sr
all.P.85.-5.40.5.stn.7.Np.sr
egf 1547900
all.S.85.-5.40.5.stn.2.Np.sr
all.P.85.-5.40.5.stn.50.Np.sr
egf 1494457
all.S.85.-5.40.5.stn.0.Np.sr
all.P.85.-5.40.5.stn.1.Np.sr
egf 1453387
all.S.85.-5.40.5.stn.0.Np.sr
all.P.85.-5.40.5.stn.21.Np.sr
egf 1449568
all.S.85.-5.40.5.stn.0.Np.sr
all.P.85.-5.40.5.stn.0.Np.sr
egf 1401732
all.S.85.-5.40.5.stn.0.Np.sr
all.P.85.-5.40.5.stn.3.Np.sr
egf 1437461
all.S.85.-5.40.5.stn.0.Np.sr
all.P.85.-5.40.5.stn.2.Np.sr
egf 1449061
all.S.85.-5.40.5.stn.8.Np.sr
all.P.85.-5.40.5.stn.50.Np.sr
egf 1439449
all.S.85.-5.40.5.stn.8.Np.sr
all.P.85.-5.40.5.stn.50.Np.sr
egf 1404671
all.S.85.-5.40.5.stn.18.Np.sr
all.P.85.-5.40.5.stn.58.Np.sr
egf 1406641
all.S.85.-5.40.5.stn.0.Np.sr
all.P.85.-5.40.5.stn.1.Np.sr
egf 1398761
all.S.85.-5.40.5.stn.0.Np.sr
all.P.85.-5.40.5.stn.4.Np.sr
egf 1410908
all.S.85.-5.40.5.stn.1.Np.sr
all.P.85.-5.40.5.stn.6.Np.sr
egf 1327033
all.S.85.-5.40.5.stn.3.Np.sr
all.P.85.-5.40.5.stn.50.Np.sr
egf 1296178
all.S.85.-5.40.5.stn.2.Np.sr
all.P.85.-5.40.5.stn.35.Np.sr
egf 1293963
all.S.85.-5.40.5.stn.1.Np.sr
all.P.85.-5.40.5.stn.13.Np.sr
egf 1197588
all.S.85.-5.40.5.stn.0.Np.sr
all.P.85.-5.40.5.stn.2.Np.sr
egf 1235408
all.S.85.-5.40.5.stn.0.Np.sr
all.P.85.-5.40.5.stn.9.Np.sr
egf 1103281
all.S.85.-5.40.5.stn.0.Np.sr
all.P.85.-5.40.5.stn.7.Np.sr
egf 1097023
all.S.85.-5.40.5.stn.30.Np.sr
all.P.85.-5.40.5.stn.50.Np.sr
egf 1179413
all.S.85.-5.40.5.stn.0.Np.sr
all.P.85.-5.40.5.stn.31.Np.sr
egf 1093324
all.S.85.-5.40.5.stn.0.Np.sr
all.P.85.-5.40.5.stn.5.Np.sr
egf 1046189
all.S.85.-5.40.5.stn.0.Np.sr
all.P.85.-5.40.5.stn.5.Np.sr
egf 1039338
all.S.85.-5.40.5.stn.33.Np.sr
all.P.85.-5.40.5.stn.54.Np.sr
egf 1014940
all.S.85.-5.40.5.stn.0.Np.sr
all.P.85.-5.40.5.stn.3.Np.sr
egf 1017636
all.S.85.-5.40.5.stn.0.Np.sr
all.P.85.-5.40.5.stn.9.Np.sr
egf 934352
all.S.85.-5.40.5.stn.6.Np.sr
all.P.85.-5.40.5.stn.49.Np.sr
egf 932438
all.S.85.-5.40.5.stn.0.Np.sr
all.P.85.-5.40.5.stn.30.Np.sr
egf 1150182
all.S.85.-5.40.5.stn.0.Np.sr
all.P.85.-5.40.5.stn.7.Np.sr
egf 883990
all.S.85.-5.40.5.stn.5.Np.sr
all.P.85.-5.40.5.stn.33.Np.sr
egf 872126
all.S.85.-5.40.5.stn.0.Np.sr
all.P.85.-5.40.5.stn.14.Np.sr
egf 872072
all.S.85.-5.40.5.stn.0.Np.sr
all.P.85.-5.40.5.stn.0.Np.sr
egf 870490
all.S.85.-5.40.5.stn.0.Np.sr
all.P.85.-5.40.5.stn.2.Np.sr
egf 870436
all.S.85.-5.40.5.stn.0.Np.sr
all.P.85.-5.40.5.stn.2.Np.sr
egf 971416
all.S.85.-5.40.5.stn.0.Np.sr
all.P.85.-5.40.5.stn.3.Np.sr
egf 911902
all.S.85.-5.40.5.stn.6.Np.sr
all.P.85.-5.40.5.stn.17.Np.sr
egf 907306
all.S.85.-5.40.5.stn.5.Np.sr
all.P.85.-5.40.5.stn.18.Np.sr
egf 874872
all.S.85.-5.40.5.stn.0.Np.sr
all.P.85.-5.40.5.stn.3.Np.sr
Error - curve_fit failed
Error - curve_fit failed
Error - curve_fit failed
Error - curve_fit failed
Error - curve_fit failed
Error - curve_fit failed
Error - curve_fit failed
Error - curve_fit failed
Error - curve_fit failed
Error - curve_fit failed
Error - curve_fit failed
Error - curve_fit failed
Error - curve_fit failed
Error - curve_fit failed
Error - curve_fit failed
Error - curve_fit failed
Error - curve_fit failed
Error - curve_fit failed
Error - curve_fit failed
Error - curve_fit failed
Error - curve_fit failed
Error - curve_fit failed
Error - curve_fit failed
Error - curve_fit failed
Error - curve_fit failed
Error - curve_fit failed
Error - curve_fit failed
master 4725571
egf 5197496
all.S.85.-5.40.5.stn.4.Np.sr
all.P.85.-5.40.5.stn.13.Np.sr
egf 5149842
all.S.85.-5.40.5.stn.84.Np.sr
all.P.85.-5.40.5.stn.218.Np.sr
egf 5149577
all.S.85.-5.40.5.stn.63.Np.sr
all.P.85.-5.40.5.stn.210.Np.sr
egf 4819551
all.S.85.-5.40.5.stn.52.Np.sr
all.P.85.-5.40.5.stn.211.Np.sr
egf 8350539
all.S.85.-5.40.5.stn.33.Np.sr
all.P.85.-5.40.5.stn.140.Np.sr
egf 4370315
all.S.85.-5.40.5.stn.24.Np.sr
all.P.85.-5.40.5.stn.57.Np.sr
egf 9193194
all.S.85.-5.40.5.stn.3.Np.sr
all.P.85.-5.40.5.stn.144.Np.sr
egf 3318415
all.S.85.-5.40.5.stn.66.Np.sr
all.P.85.-5.40.5.stn.164.Np.sr
egf 3286124
all.S.85.-5.40.5.stn.5.Np.sr
all.P.85.-5.40.5.stn.15.Np.sr
egf 2872982
all.S.85.-5.40.5.stn.0.Np.sr
all.P.85.-5.40.5.stn.36.Np.sr
egf 2868527
all.S.85.-5.40.5.stn.7.Np.sr
all.P.85.-5.40.5.stn.32.Np.sr
egf 2864942
all.S.85.-5.40.5.stn.0.Np.sr
all.P.85.-5.40.5.stn.18.Np.sr
egf 2619813
all.S.85.-5.40.5.stn.5.Np.sr
all.P.85.-5.40.5.stn.42.Np.sr
egf 2632619
all.S.85.-5.40.5.stn.4.Np.sr
all.P.85.-5.40.5.stn.22.Np.sr
egf 2451103
all.S.85.-5.40.5.stn.5.Np.sr
all.P.85.-5.40.5.stn.30.Np.sr
egf 2476415
all.S.85.-5.40.5.stn.3.Np.sr
all.P.85.-5.40.5.stn.28.Np.sr
egf 2355119
all.S.85.-5.40.5.stn.4.Np.sr
all.P.85.-5.40.5.stn.15.Np.sr
egf 2346469
all.S.85.-5.40.5.stn.0.Np.sr
all.P.85.-5.40.5.stn.1.Np.sr
egf 2292909
all.S.85.-5.40.5.stn.8.Np.sr
all.P.85.-5.40.5.stn.19.Np.sr
egf 1907367
all.S.85.-5.40.5.stn.3.Np.sr
all.P.85.-5.40.5.stn.11.Np.sr
egf 1705277
all.S.85.-5.40.5.stn.1.Np.sr
all.P.85.-5.40.5.stn.2.Np.sr
egf 1719192
all.S.85.-5.40.5.stn.2.Np.sr
all.P.85.-5.40.5.stn.19.Np.sr
egf 1688838
all.S.85.-5.40.5.stn.0.Np.sr
all.P.85.-5.40.5.stn.1.Np.sr
egf 1593746
all.S.85.-5.40.5.stn.0.Np.sr
all.P.85.-5.40.5.stn.19.Np.sr
egf 1494457
all.S.85.-5.40.5.stn.0.Np.sr
all.P.85.-5.40.5.stn.1.Np.sr
egf 1439449
all.S.85.-5.40.5.stn.8.Np.sr
all.P.85.-5.40.5.stn.51.Np.sr
egf 1406641
all.S.85.-5.40.5.stn.0.Np.sr
all.P.85.-5.40.5.stn.1.Np.sr
master 4723542
egf 3337924
all.S.85.-5.40.5.stn.10.Np.sr
all.P.85.-5.40.5.stn.94.Np.sr
egf 3335289
all.S.85.-5.40.5.stn.10.Np.sr
all.P.85.-5.40.5.stn.89.Np.sr
master 4600909
egf 9918052
all.S.85.-5.40.5.stn.7.Np.sr
all.P.85.-5.40.5.stn.17.Np.sr
egf 2687408
all.S.85.-5.40.5.stn.1.Np.sr
all.P.85.-5.40.5.stn.1.Np.sr
egf 2256264
all.S.85.-5.40.5.stn.0.Np.sr
all.P.85.-5.40.5.stn.0.Np.sr
egf 1441409
all.S.85.-5.40.5.stn.0.Np.sr
all.P.85.-5.40.5.stn.1.Np.sr
master 4600908
egf 10946009
all.S.85.-5.40.5.stn.2.Np.sr
all.P.85.-5.40.5.stn.5.Np.sr
egf 10764702
all.S.85.-5.40.5.stn.3.Np.sr
all.P.85.-5.40.5.stn.12.Np.sr
egf 10600157
all.S.85.-5.40.5.stn.38.Np.sr
all.P.85.-5.40.5.stn.68.Np.sr
egf 10227651
all.S.85.-5.40.5.stn.39.Np.sr
all.P.85.-5.40.5.stn.134.Np.sr
egf 5197662
all.S.85.-5.40.5.stn.27.Np.sr
all.P.85.-5.40.5.stn.87.Np.sr
egf 5182681
all.S.85.-5.40.5.stn.6.Np.sr
all.P.85.-5.40.5.stn.43.Np.sr
egf 5157946
all.S.85.-5.40.5.stn.21.Np.sr
all.P.85.-5.40.5.stn.87.Np.sr
egf 9093758
all.S.85.-5.40.5.stn.8.Np.sr
all.P.85.-5.40.5.stn.69.Np.sr
egf 3331202
all.S.85.-5.40.5.stn.1.Np.sr
all.P.85.-5.40.5.stn.11.Np.sr
egf 3321129
all.S.85.-5.40.5.stn.2.Np.sr
all.P.85.-5.40.5.stn.32.Np.sr
egf 4570780
all.S.85.-5.40.5.stn.1.Np.sr
all.P.85.-5.40.5.stn.14.Np.sr
egf 3319468
all.S.85.-5.40.5.stn.12.Np.sr
all.P.85.-5.40.5.stn.53.Np.sr
egf 3318218
all.S.85.-5.40.5.stn.3.Np.sr
all.P.85.-5.40.5.stn.15.Np.sr
egf 3316549
all.S.85.-5.40.5.stn.1.Np.sr
all.P.85.-5.40.5.stn.24.Np.sr
egf 2869700
all.S.85.-5.40.5.stn.0.Np.sr
all.P.85.-5.40.5.stn.10.Np.sr
egf 2400083
all.S.85.-5.40.5.stn.1.Np.sr
all.P.85.-5.40.5.stn.9.Np.sr
egf 2282092
all.S.85.-5.40.5.stn.14.Np.sr
all.P.85.-5.40.5.stn.39.Np.sr
egf 2202130
all.S.85.-5.40.5.stn.0.Np.sr
all.P.85.-5.40.5.stn.6.Np.sr
egf 2133175
all.S.85.-5.40.5.stn.1.Np.sr
all.P.85.-5.40.5.stn.3.Np.sr
egf 2083727
all.S.85.-5.40.5.stn.0.Np.sr
all.P.85.-5.40.5.stn.4.Np.sr
egf 2022528
all.S.85.-5.40.5.stn.1.Np.sr
all.P.85.-5.40.5.stn.6.Np.sr
egf 2035908
all.S.85.-5.40.5.stn.5.Np.sr
all.P.85.-5.40.5.stn.34.Np.sr
egf 1996223
all.S.85.-5.40.5.stn.1.Np.sr
all.P.85.-5.40.5.stn.7.Np.sr
egf 1894928
all.S.85.-5.40.5.stn.2.Np.sr
all.P.85.-5.40.5.stn.44.Np.sr
egf 1764785
all.S.85.-5.40.5.stn.0.Np.sr
all.P.85.-5.40.5.stn.4.Np.sr
egf 1500965
all.S.85.-5.40.5.stn.0.Np.sr
all.P.85.-5.40.5.stn.1.Np.sr
egf 1422670
all.S.85.-5.40.5.stn.8.Np.sr
all.P.85.-5.40.5.stn.13.Np.sr
egf 1357842
all.S.85.-5.40.5.stn.0.Np.sr
all.P.85.-5.40.5.stn.1.Np.sr
egf 920970
all.S.85.-5.40.5.stn.0.Np.sr
all.P.85.-5.40.5.stn.1.Np.sr
master 4489673
egf 5182681
all.S.85.-5.40.5.stn.2.Np.sr
all.P.85.-5.40.5.stn.22.Np.sr
egf 2400083
all.S.85.-5.40.5.stn.1.Np.sr
all.P.85.-5.40.5.stn.9.Np.sr
egf 2133175
all.S.85.-5.40.5.stn.0.Np.sr
all.P.85.-5.40.5.stn.3.Np.sr
egf 1246706
all.S.85.-5.40.5.stn.0.Np.sr
all.P.85.-5.40.5.stn.0.Np.sr
master 4310156
egf 3318208
all.S.85.-5.40.5.stn.4.Np.sr
all.P.85.-5.40.5.stn.99.Np.sr
master 4309836
egf 9981639
all.S.85.-5.40.5.stn.17.Np.sr
all.P.85.-5.40.5.stn.48.Np.sr
master 4225091
egf 5174288
all.S.85.-5.40.5.stn.12.Np.sr
all.P.85.-5.40.5.stn.67.Np.sr
egf 2237209
all.S.85.-5.40.5.stn.15.Np.sr
all.P.85.-5.40.5.stn.53.Np.sr
egf 2031557
all.S.85.-5.40.5.stn.12.Np.sr
all.P.85.-5.40.5.stn.68.Np.sr
master 4218658
egf 10958985
all.S.85.-5.40.5.stn.217.Np.sr
all.P.85.-5.40.5.stn.449.Np.sr
egf 10606101
all.S.85.-5.40.5.stn.19.Np.sr
all.P.85.-5.40.5.stn.42.Np.sr
egf 4808702
all.S.85.-5.40.5.stn.15.Np.sr
all.P.85.-5.40.5.stn.153.Np.sr
egf 4310156
all.S.85.-5.40.5.stn.603.Np.sr
all.P.85.-5.40.5.stn.963.Np.sr
egf 4218719
all.S.85.-5.40.5.stn.732.Np.sr
all.P.85.-5.40.5.stn.1212.Np.sr
./test.py:204: UserWarning: genfromtxt: Empty input file: "/home/meichen/work1/SR_Attn/pair_events/master_4218658/egf_4218719/P/gcarc_85/all.P.85.-5.40.5.stn.1212.Np.sr"
  data = np.genfromtxt(filename[0])
Traceback (most recent call last):
  File "./test.py", line 311, in <module>
    main()
  File "./test.py", line 154, in main
    rgp_M0r,rgp_fcegf,rgp_fcmaster,rgp_fc_std,rgp_stnnm = fit(main_path=jpath,master=key,egf=value,phase="P",dist_range="85",window_length=window_length)
  File "./test.py", line 206, in fit
    data = data[data[:,0]<=2.]
IndexError: too many indices for array
