2188466 10953779 0.535401 0.148664
2188466 2841270 0.545362 0.284728
10937540 10394345 0.557920 0.327382
10937540 5183964 0.369909 0.166752
10937540 4813335 0.298346 0.152565
10937540 4725571 0.451392 0.233422
10937540 2840820 0.369461 0.402996
4813335 10394345 0.454057 0.365198
4813335 3282255 0.354326 0.218334
4813335 2878496 0.485410 0.322458
4813335 2841270 0.314568 0.241310
4813335 2728435 0.375634 0.265867
4813335 2425674 0.288636 0.289994
4813335 1039338 0.662098 0.343754
3322252 9951393 0.213892 0.142930
3322252 5112137 0.335680 0.213966
3322252 2878496 0.317092 0.169770
3322252 2874669 0.315106 0.454583
3322252 2589246 0.457906 0.276911
3322252 2425674 0.176948 0.137982
3322252 1404671 0.307781 0.140461
3322252 1369933 0.215376 0.112377
3322252 1039338 0.291250 0.215931
2876682 3277775 0.289593 0.426241
2876682 2877199 0.475649 0.258122
2876682 2839291 0.293005 1.460551
2876682 2839155 0.396281 0.150393
2876682 1584889 0.455963 0.195865
